<?xml version="1.0" encoding="UTF-8" standalone="no"?><testsuite errors="5" failures="0" hostname="000-J05G8ZM" name="default.arquitectura-dian-testing" tests="5" time="0.342000"><properties>
[...]
</properties><testcase classname="default.arquitectura-dian-testing" name="transformationWorksAsExpected" time="0.0530000"><error message="Internal error: D:\git\201910-proyecto-grupo1\gramatica\instacia\CadenaArquitectura\eunit.xml:46: Model 'Sql' not found&#13;&#10;&#9;at org.eclipse.epsilon.workflow.tasks.ExecutableModuleTask.executeImpl[ExecutableModuleTask.java:233]&#13;&#10;&#9;at org.eclipse.epsilon.workflow.tasks.EpsilonTask.execute[EpsilonTask.java:39]&#13;&#10;&#9;at org.apache.tools.ant.UnknownElement.execute[UnknownElement.java:293]&#13;&#10;&#9;at sun.reflect.GeneratedMethodAccessor121.invoke[Unknown Source]&#13;&#10;&#9;at sun.reflect.DelegatingMethodAccessorImpl.invoke[DelegatingMethodAccessorImpl.java:43]&#13;&#10;&#9;at java.lang.reflect.Method.invoke[Method.java:498]&#13;&#10;&#9;at org.apache.tools.ant.dispatch.DispatchUtils.execute[DispatchUtils.java:106]&#13;&#10;&#9;at org.apache.tools.ant.Task.perform[Task.java:348]&#13;&#10;&#9;at org.apache.tools.ant.Target.execute[Target.java:435]&#13;&#10;&#9;at org.apache.tools.ant.Target.performTasks[Target.java:456]&#13;&#10;&#9;at org.apache.tools.ant.Project.executeSortedTargets[Project.java:1405]&#13;&#10;&#9;at org.apache.tools.ant.Project.executeTarget[Project.java:1376]&#13;&#10;&#9;at org.eclipse.epsilon.workflow.tasks.EUnitTask$RunTargetOperationContributor.runTarget[EUnitTask.java:87]&#13;&#10;&#9;at sun.reflect.NativeMethodAccessorImpl.invoke0[Native Method]&#13;&#10;&#9;at sun.reflect.NativeMethodAccessorImpl.invoke[NativeMethodAccessorImpl.java:62]&#13;&#10;&#9;at sun.reflect.DelegatingMethodAccessorImpl.invoke[DelegatingMethodAccessorImpl.java:43]&#13;&#10;&#9;at java.lang.reflect.Method.invoke[Method.java:498]&#13;&#10;&#9;at org.eclipse.epsilon.eol.util.ReflectionUtil.executeMethod[ReflectionUtil.java:186]&#13;&#10;&#9;at org.eclipse.epsilon.eol.util.ReflectionUtil.executeMethod[ReflectionUtil.java:162]&#13;&#10;&#9;at org.eclipse.epsilon.eol.execute.introspection.java.ObjectMethod.execute[ObjectMethod.java:48]&#13;&#10;&#9;at org.eclipse.epsilon.eol.dom.OperationCallExpression.execute[OperationCallExpression.java:145]&#13;&#10;&#9;at org.eclipse.epsilon.eol.execute.ExecutorFactory.execute[ExecutorFactory.java:99]&#13;&#10;&#9;at org.eclipse.epsilon.eol.dom.ExpressionStatement.execute[ExpressionStatement.java:33]&#13;&#10;&#9;at org.eclipse.epsilon.eol.execute.ExecutorFactory.execute[ExecutorFactory.java:99]&#13;&#10;&#9;at org.eclipse.epsilon.eol.dom.StatementBlock.execute[StatementBlock.java:58]&#13;&#10;&#9;at org.eclipse.epsilon.eol.execute.ExecutorFactory.execute[ExecutorFactory.java:99]&#13;&#10;&#9;at org.eclipse.epsilon.eol.dom.Operation.executeBody[Operation.java:200]&#13;&#10;&#9;at org.eclipse.epsilon.eol.dom.Operation.execute[Operation.java:183]&#13;&#10;&#9;at org.eclipse.epsilon.eunit.EUnitModule.runLeafTestCase[EUnitModule.java:415]&#13;&#10;&#9;at org.eclipse.epsilon.eunit.EUnitModule.runSuiteInternal[EUnitModule.java:343]&#13;&#10;&#9;at org.eclipse.epsilon.eunit.EUnitModule.runSuite[EUnitModule.java:167]&#13;&#10;&#9;at org.eclipse.epsilon.eunit.EUnitModule.runInnerTestCase[EUnitModule.java:370]&#13;&#10;&#9;at org.eclipse.epsilon.eunit.EUnitModule.runSuiteInternal[EUnitModule.java:345]&#13;&#10;&#9;at org.eclipse.epsilon.eunit.EUnitModule.runSuite[EUnitModule.java:167]&#13;&#10;&#9;at org.eclipse.epsilon.eunit.EUnitModule.executeImpl[EUnitModule.java:128]&#13;&#10;&#9;at org.eclipse.epsilon.eol.execute.ExecutorFactory.execute[ExecutorFactory.java:102]&#13;&#10;&#9;at org.eclipse.epsilon.eol.EolModule.execute[EolModule.java:413]&#13;&#10;&#9;at org.eclipse.epsilon.workflow.tasks.ExecutableModuleTask.executeImpl[ExecutableModuleTask.java:216]&#13;&#10;&#9;at org.eclipse.epsilon.workflow.tasks.EpsilonTask.execute[EpsilonTask.java:39]&#13;&#10;&#9;at org.apache.tools.ant.UnknownElement.execute[UnknownElement.java:293]&#13;&#10;&#9;at sun.reflect.NativeMethodAccessorImpl.invoke0[Native Method]&#13;&#10;&#9;at sun.reflect.NativeMethodAccessorImpl.invoke[NativeMethodAccessorImpl.java:62]&#13;&#10;&#9;at sun.reflect.DelegatingMethodAccessorImpl.invoke[DelegatingMethodAccessorImpl.java:43]&#13;&#10;&#9;at java.lang.reflect.Method.invoke[Method.java:498]&#13;&#10;&#9;at org.apache.tools.ant.dispatch.DispatchUtils.execute[DispatchUtils.java:106]&#13;&#10;&#9;at org.apache.tools.ant.Task.perform[Task.java:348]&#13;&#10;&#9;at org.apache.tools.ant.Target.execute[Target.java:435]&#13;&#10;&#9;at org.apache.tools.ant.Target.performTasks[Target.java:456]&#13;&#10;&#9;at org.apache.tools.ant.Project.executeSortedTargets[Project.java:1405]&#13;&#10;&#9;at org.apache.tools.ant.Project.executeTarget[Project.java:1376]&#13;&#10;&#9;at org.apache.tools.ant.helper.DefaultExecutor.executeTargets[DefaultExecutor.java:41]&#13;&#10;&#9;at org.eclipse.ant.internal.core.ant.EclipseDefaultExecutor.executeTargets[EclipseDefaultExecutor.java:36]&#13;&#10;&#9;at org.apache.tools.ant.Project.executeTargets[Project.java:1260]&#13;&#10;&#9;at org.eclipse.ant.internal.core.ant.InternalAntRunner.run[InternalAntRunner.java:712]&#13;&#10;&#9;at org.eclipse.ant.internal.core.ant.InternalAntRunner.run[InternalAntRunner.java:532]&#13;&#10;&#9;at sun.reflect.NativeMethodAccessorImpl.invoke0[Native Method]&#13;&#10;&#9;at sun.reflect.NativeMethodAccessorImpl.invoke[NativeMethodAccessorImpl.java:62]&#13;&#10;&#9;at sun.reflect.DelegatingMethodAccessorImpl.invoke[DelegatingMethodAccessorImpl.java:43]&#13;&#10;&#9;at java.lang.reflect.Method.invoke[Method.java:498]&#13;&#10;&#9;at org.eclipse.ant.core.AntRunner.run[AntRunner.java:371]&#13;&#10;&#9;at org.eclipse.ant.internal.launching.launchConfigurations.AntLaunchDelegate$1.run[AntLaunchDelegate.java:270]&#13;&#10;&#9;at java.lang.Thread.run[Thread.java:745]&#13;&#10;Caused by: Model 'Sql' not found&#13;&#10;&#9;at org.eclipse.epsilon.eol.models.ModelGroup.&lt;init&gt;[ModelGroup.java:41]&#13;&#10;&#9;at org.eclipse.epsilon.eol.models.ModelRepository.getModelByName[ModelRepository.java:76]&#13;&#10;&#9;at org.eclipse.epsilon.workflow.tasks.ExecutableModuleTask.populateModelRepository[ExecutableModuleTask.java:137]&#13;&#10;&#9;at org.eclipse.epsilon.workflow.tasks.ExecutableModuleTask.configureModule[ExecutableModuleTask.java:112]&#13;&#10;&#9;at org.eclipse.epsilon.workflow.tasks.ExecutableModuleTask.executeImpl[ExecutableModuleTask.java:208]&#13;&#10;&#9;... 61 more&#13;&#10;&#13;&#10;&#9;at (D:\git\201910-proyecto-grupo1\gramatica\instacia\CadenaArquitectura\tests\arquitectura-dian-testing.eunit@40:2-40:30)&#13;&#10;&#9;at (D:\git\201910-proyecto-grupo1\gramatica\instacia\CadenaArquitectura\tests\arquitectura-dian-testing.eunit@40:2-40:30)&#13;&#10;&#9;at (D:\git\201910-proyecto-grupo1\gramatica\instacia\CadenaArquitectura\tests\arquitectura-dian-testing.eunit@39:34-45:2)&#13;&#10;&#9;at (D:\git\201910-proyecto-grupo1\gramatica\instacia\CadenaArquitectura\tests\arquitectura-dian-testing.eunit@31:2-31:30)&#13;&#10;&#9;at (D:\git\201910-proyecto-grupo1\gramatica\instacia\CadenaArquitectura\tests\arquitectura-dian-testing.eunit@31:2-31:30)&#13;&#10;&#9;at (D:\git\201910-proyecto-grupo1\gramatica\instacia\CadenaArquitectura\tests\arquitectura-dian-testing.eunit@30:37-35:2)&#13;&#10;&#9;at (D:\git\201910-proyecto-grupo1\gramatica\instacia\CadenaArquitectura\tests\arquitectura-dian-testing.eunit@24:2-24:30)&#13;&#10;&#9;at (D:\git\201910-proyecto-grupo1\gramatica\instacia\CadenaArquitectura\tests\arquitectura-dian-testing.eunit@24:2-24:30)&#13;&#10;&#9;at (D:\git\201910-proyecto-grupo1\gramatica\instacia\CadenaArquitectura\tests\arquitectura-dian-testing.eunit@23:38-28:2)&#13;&#10;&#9;at (D:\git\201910-proyecto-grupo1\gramatica\instacia\CadenaArquitectura\tests\arquitectura-dian-testing.eunit@15:2-15:30)&#13;&#10;&#9;at (D:\git\201910-proyecto-grupo1\gramatica\instacia\CadenaArquitectura\tests\arquitectura-dian-testing.eunit@15:2-15:30)&#13;&#10;&#9;at (D:\git\201910-proyecto-grupo1\gramatica\instacia\CadenaArquitectura\tests\arquitectura-dian-testing.eunit@14:35-20:2)&#13;&#10;&#9;at (D:\git\201910-proyecto-grupo1\gramatica\instacia\CadenaArquitectura\tests\arquitectura-dian-testing.eunit@9:2-9:30)&#13;&#10;&#9;at (D:\git\201910-proyecto-grupo1\gramatica\instacia\CadenaArquitectura\tests\arquitectura-dian-testing.eunit@9:2-9:30)&#13;&#10;&#9;at (D:\git\201910-proyecto-grupo1\gramatica\instacia\CadenaArquitectura\tests\arquitectura-dian-testing.eunit@8:42-11:1)&#13;&#10;&#9;at (D:\git\201910-proyecto-grupo1\gramatica\instacia\CadenaArquitectura\tests\arquitectura-dian-testing.eunit@0:0-45:2)&#13;&#10;" type="org.eclipse.epsilon.eol.exceptions.EolInternalException">Internal error: D:\git\201910-proyecto-grupo1\gramatica\instacia\CadenaArquitectura\eunit.xml:46: Model 'Sql' not found&#13;
	at org.eclipse.epsilon.workflow.tasks.ExecutableModuleTask.executeImpl[ExecutableModuleTask.java:233]&#13;
	at org.eclipse.epsilon.workflow.tasks.EpsilonTask.execute[EpsilonTask.java:39]&#13;
	at org.apache.tools.ant.UnknownElement.execute[UnknownElement.java:293]&#13;
	at sun.reflect.GeneratedMethodAccessor121.invoke[Unknown Source]&#13;
	at sun.reflect.DelegatingMethodAccessorImpl.invoke[DelegatingMethodAccessorImpl.java:43]&#13;
	at java.lang.reflect.Method.invoke[Method.java:498]&#13;
	at org.apache.tools.ant.dispatch.DispatchUtils.execute[DispatchUtils.java:106]&#13;
	at org.apache.tools.ant.Task.perform[Task.java:348]&#13;
	at org.apache.tools.ant.Target.execute[Target.java:435]&#13;
	at org.apache.tools.ant.Target.performTasks[Target.java:456]&#13;
	at org.apache.tools.ant.Project.executeSortedTargets[Project.java:1405]&#13;
	at org.apache.tools.ant.Project.executeTarget[Project.java:1376]&#13;
	at org.eclipse.epsilon.workflow.tasks.EUnitTask$RunTargetOperationContributor.runTarget[EUnitTask.java:87]&#13;
	at sun.reflect.NativeMethodAccessorImpl.invoke0[Native Method]&#13;
	at sun.reflect.NativeMethodAccessorImpl.invoke[NativeMethodAccessorImpl.java:62]&#13;
	at sun.reflect.DelegatingMethodAccessorImpl.invoke[DelegatingMethodAccessorImpl.java:43]&#13;
	at java.lang.reflect.Method.invoke[Method.java:498]&#13;
	at org.eclipse.epsilon.eol.util.ReflectionUtil.executeMethod[ReflectionUtil.java:186]&#13;
	at org.eclipse.epsilon.eol.util.ReflectionUtil.executeMethod[ReflectionUtil.java:162]&#13;
	at org.eclipse.epsilon.eol.execute.introspection.java.ObjectMethod.execute[ObjectMethod.java:48]&#13;
	at org.eclipse.epsilon.eol.dom.OperationCallExpression.execute[OperationCallExpression.java:145]&#13;
	at org.eclipse.epsilon.eol.execute.ExecutorFactory.execute[ExecutorFactory.java:99]&#13;
	at org.eclipse.epsilon.eol.dom.ExpressionStatement.execute[ExpressionStatement.java:33]&#13;
	at org.eclipse.epsilon.eol.execute.ExecutorFactory.execute[ExecutorFactory.java:99]&#13;
	at org.eclipse.epsilon.eol.dom.StatementBlock.execute[StatementBlock.java:58]&#13;
	at org.eclipse.epsilon.eol.execute.ExecutorFactory.execute[ExecutorFactory.java:99]&#13;
	at org.eclipse.epsilon.eol.dom.Operation.executeBody[Operation.java:200]&#13;
	at org.eclipse.epsilon.eol.dom.Operation.execute[Operation.java:183]&#13;
	at org.eclipse.epsilon.eunit.EUnitModule.runLeafTestCase[EUnitModule.java:415]&#13;
	at org.eclipse.epsilon.eunit.EUnitModule.runSuiteInternal[EUnitModule.java:343]&#13;
	at org.eclipse.epsilon.eunit.EUnitModule.runSuite[EUnitModule.java:167]&#13;
	at org.eclipse.epsilon.eunit.EUnitModule.runInnerTestCase[EUnitModule.java:370]&#13;
	at org.eclipse.epsilon.eunit.EUnitModule.runSuiteInternal[EUnitModule.java:345]&#13;
	at org.eclipse.epsilon.eunit.EUnitModule.runSuite[EUnitModule.java:167]&#13;
	at org.eclipse.epsilon.eunit.EUnitModule.executeImpl[EUnitModule.java:128]&#13;
	at org.eclipse.epsilon.eol.execute.ExecutorFactory.execute[ExecutorFactory.java:102]&#13;
	at org.eclipse.epsilon.eol.EolModule.execute[EolModule.java:413]&#13;
	at org.eclipse.epsilon.workflow.tasks.ExecutableModuleTask.executeImpl[ExecutableModuleTask.java:216]&#13;
	at org.eclipse.epsilon.workflow.tasks.EpsilonTask.execute[EpsilonTask.java:39]&#13;
	at org.apache.tools.ant.UnknownElement.execute[UnknownElement.java:293]&#13;
	at sun.reflect.NativeMethodAccessorImpl.invoke0[Native Method]&#13;
	at sun.reflect.NativeMethodAccessorImpl.invoke[NativeMethodAccessorImpl.java:62]&#13;
	at sun.reflect.DelegatingMethodAccessorImpl.invoke[DelegatingMethodAccessorImpl.java:43]&#13;
	at java.lang.reflect.Method.invoke[Method.java:498]&#13;
	at org.apache.tools.ant.dispatch.DispatchUtils.execute[DispatchUtils.java:106]&#13;
	at org.apache.tools.ant.Task.perform[Task.java:348]&#13;
	at org.apache.tools.ant.Target.execute[Target.java:435]&#13;
	at org.apache.tools.ant.Target.performTasks[Target.java:456]&#13;
	at org.apache.tools.ant.Project.executeSortedTargets[Project.java:1405]&#13;
	at org.apache.tools.ant.Project.executeTarget[Project.java:1376]&#13;
	at org.apache.tools.ant.helper.DefaultExecutor.executeTargets[DefaultExecutor.java:41]&#13;
	at org.eclipse.ant.internal.core.ant.EclipseDefaultExecutor.executeTargets[EclipseDefaultExecutor.java:36]&#13;
	at org.apache.tools.ant.Project.executeTargets[Project.java:1260]&#13;
	at org.eclipse.ant.internal.core.ant.InternalAntRunner.run[InternalAntRunner.java:712]&#13;
	at org.eclipse.ant.internal.core.ant.InternalAntRunner.run[InternalAntRunner.java:532]&#13;
	at sun.reflect.NativeMethodAccessorImpl.invoke0[Native Method]&#13;
	at sun.reflect.NativeMethodAccessorImpl.invoke[NativeMethodAccessorImpl.java:62]&#13;
	at sun.reflect.DelegatingMethodAccessorImpl.invoke[DelegatingMethodAccessorImpl.java:43]&#13;
	at java.lang.reflect.Method.invoke[Method.java:498]&#13;
	at org.eclipse.ant.core.AntRunner.run[AntRunner.java:371]&#13;
	at org.eclipse.ant.internal.launching.launchConfigurations.AntLaunchDelegate$1.run[AntLaunchDelegate.java:270]&#13;
	at java.lang.Thread.run[Thread.java:745]&#13;
Caused by: Model 'Sql' not found&#13;
	at org.eclipse.epsilon.eol.models.ModelGroup.&lt;init&gt;[ModelGroup.java:41]&#13;
	at org.eclipse.epsilon.eol.models.ModelRepository.getModelByName[ModelRepository.java:76]&#13;
	at org.eclipse.epsilon.workflow.tasks.ExecutableModuleTask.populateModelRepository[ExecutableModuleTask.java:137]&#13;
	at org.eclipse.epsilon.workflow.tasks.ExecutableModuleTask.configureModule[ExecutableModuleTask.java:112]&#13;
	at org.eclipse.epsilon.workflow.tasks.ExecutableModuleTask.executeImpl[ExecutableModuleTask.java:208]&#13;
	... 61 more&#13;
&#13;
	at (D:\git\201910-proyecto-grupo1\gramatica\instacia\CadenaArquitectura\tests\arquitectura-dian-testing.eunit@40:2-40:30)&#13;
	at (D:\git\201910-proyecto-grupo1\gramatica\instacia\CadenaArquitectura\tests\arquitectura-dian-testing.eunit@40:2-40:30)&#13;
	at (D:\git\201910-proyecto-grupo1\gramatica\instacia\CadenaArquitectura\tests\arquitectura-dian-testing.eunit@39:34-45:2)&#13;
	at (D:\git\201910-proyecto-grupo1\gramatica\instacia\CadenaArquitectura\tests\arquitectura-dian-testing.eunit@31:2-31:30)&#13;
	at (D:\git\201910-proyecto-grupo1\gramatica\instacia\CadenaArquitectura\tests\arquitectura-dian-testing.eunit@31:2-31:30)&#13;
	at (D:\git\201910-proyecto-grupo1\gramatica\instacia\CadenaArquitectura\tests\arquitectura-dian-testing.eunit@30:37-35:2)&#13;
	at (D:\git\201910-proyecto-grupo1\gramatica\instacia\CadenaArquitectura\tests\arquitectura-dian-testing.eunit@24:2-24:30)&#13;
	at (D:\git\201910-proyecto-grupo1\gramatica\instacia\CadenaArquitectura\tests\arquitectura-dian-testing.eunit@24:2-24:30)&#13;
	at (D:\git\201910-proyecto-grupo1\gramatica\instacia\CadenaArquitectura\tests\arquitectura-dian-testing.eunit@23:38-28:2)&#13;
	at (D:\git\201910-proyecto-grupo1\gramatica\instacia\CadenaArquitectura\tests\arquitectura-dian-testing.eunit@15:2-15:30)&#13;
	at (D:\git\201910-proyecto-grupo1\gramatica\instacia\CadenaArquitectura\tests\arquitectura-dian-testing.eunit@15:2-15:30)&#13;
	at (D:\git\201910-proyecto-grupo1\gramatica\instacia\CadenaArquitectura\tests\arquitectura-dian-testing.eunit@14:35-20:2)&#13;
	at (D:\git\201910-proyecto-grupo1\gramatica\instacia\CadenaArquitectura\tests\arquitectura-dian-testing.eunit@9:2-9:30)&#13;
	at (D:\git\201910-proyecto-grupo1\gramatica\instacia\CadenaArquitectura\tests\arquitectura-dian-testing.eunit@9:2-9:30)&#13;
	at (D:\git\201910-proyecto-grupo1\gramatica\instacia\CadenaArquitectura\tests\arquitectura-dian-testing.eunit@8:42-11:1)&#13;
	at (D:\git\201910-proyecto-grupo1\gramatica\instacia\CadenaArquitectura\tests\arquitectura-dian-testing.eunit@0:0-45:2)&#13;
&#13;
	at org.eclipse.epsilon.workflow.tasks.ExecutableModuleTask.executeImpl(ExecutableModuleTask.java:233)&#13;
	at org.eclipse.epsilon.workflow.tasks.EpsilonTask.execute(EpsilonTask.java:39)&#13;
	at org.apache.tools.ant.UnknownElement.execute(UnknownElement.java:293)&#13;
	at sun.reflect.GeneratedMethodAccessor121.invoke(Unknown Source)&#13;
	at sun.reflect.DelegatingMethodAccessorImpl.invoke(DelegatingMethodAccessorImpl.java:43)&#13;
	at java.lang.reflect.Method.invoke(Method.java:498)&#13;
	at org.apache.tools.ant.dispatch.DispatchUtils.execute(DispatchUtils.java:106)&#13;
	at org.apache.tools.ant.Task.perform(Task.java:348)&#13;
	at org.apache.tools.ant.Target.execute(Target.java:435)&#13;
	at org.apache.tools.ant.Target.performTasks(Target.java:456)&#13;
	at org.apache.tools.ant.Project.executeSortedTargets(Project.java:1405)&#13;
	at org.apache.tools.ant.Project.executeTarget(Project.java:1376)&#13;
	at org.eclipse.epsilon.workflow.tasks.EUnitTask$RunTargetOperationContributor.runTarget(EUnitTask.java:87)&#13;
	at sun.reflect.NativeMethodAccessorImpl.invoke0(Native Method)&#13;
	at sun.reflect.NativeMethodAccessorImpl.invoke(NativeMethodAccessorImpl.java:62)&#13;
	at sun.reflect.DelegatingMethodAccessorImpl.invoke(DelegatingMethodAccessorImpl.java:43)&#13;
	at java.lang.reflect.Method.invoke(Method.java:498)&#13;
	at org.eclipse.epsilon.eol.util.ReflectionUtil.executeMethod(ReflectionUtil.java:186)&#13;
	at org.eclipse.epsilon.eol.util.ReflectionUtil.executeMethod(ReflectionUtil.java:162)&#13;
	at org.eclipse.epsilon.eol.execute.introspection.java.ObjectMethod.execute(ObjectMethod.java:48)&#13;
	at org.eclipse.epsilon.eol.dom.OperationCallExpression.execute(OperationCallExpression.java:145)&#13;
	at org.eclipse.epsilon.eol.execute.ExecutorFactory.execute(ExecutorFactory.java:99)&#13;
	at org.eclipse.epsilon.eol.dom.ExpressionStatement.execute(ExpressionStatement.java:33)&#13;
	at org.eclipse.epsilon.eol.execute.ExecutorFactory.execute(ExecutorFactory.java:99)&#13;
	at org.eclipse.epsilon.eol.dom.StatementBlock.execute(StatementBlock.java:58)&#13;
	at org.eclipse.epsilon.eol.execute.ExecutorFactory.execute(ExecutorFactory.java:99)&#13;
	at org.eclipse.epsilon.eol.dom.Operation.executeBody(Operation.java:200)&#13;
	at org.eclipse.epsilon.eol.dom.Operation.execute(Operation.java:183)&#13;
	at org.eclipse.epsilon.eunit.EUnitModule.runLeafTestCase(EUnitModule.java:415)&#13;
	at org.eclipse.epsilon.eunit.EUnitModule.runSuiteInternal(EUnitModule.java:343)&#13;
	at org.eclipse.epsilon.eunit.EUnitModule.runSuite(EUnitModule.java:167)&#13;
	at org.eclipse.epsilon.eunit.EUnitModule.runInnerTestCase(EUnitModule.java:370)&#13;
	at org.eclipse.epsilon.eunit.EUnitModule.runSuiteInternal(EUnitModule.java:345)&#13;
	at org.eclipse.epsilon.eunit.EUnitModule.runSuite(EUnitModule.java:167)&#13;
	at org.eclipse.epsilon.eunit.EUnitModule.executeImpl(EUnitModule.java:128)&#13;
	at org.eclipse.epsilon.eol.execute.ExecutorFactory.execute(ExecutorFactory.java:102)&#13;
	at org.eclipse.epsilon.eol.EolModule.execute(EolModule.java:413)&#13;
	at org.eclipse.epsilon.workflow.tasks.ExecutableModuleTask.executeImpl(ExecutableModuleTask.java:216)&#13;
	at org.eclipse.epsilon.workflow.tasks.EpsilonTask.execute(EpsilonTask.java:39)&#13;
	at org.apache.tools.ant.UnknownElement.execute(UnknownElement.java:293)&#13;
	at sun.reflect.NativeMethodAccessorImpl.invoke0(Native Method)&#13;
	at sun.reflect.NativeMethodAccessorImpl.invoke(NativeMethodAccessorImpl.java:62)&#13;
	at sun.reflect.DelegatingMethodAccessorImpl.invoke(DelegatingMethodAccessorImpl.java:43)&#13;
	at java.lang.reflect.Method.invoke(Method.java:498)&#13;
	at org.apache.tools.ant.dispatch.DispatchUtils.execute(DispatchUtils.java:106)&#13;
	at org.apache.tools.ant.Task.perform(Task.java:348)&#13;
	at org.apache.tools.ant.Target.execute(Target.java:435)&#13;
	at org.apache.tools.ant.Target.performTasks(Target.java:456)&#13;
	at org.apache.tools.ant.Project.executeSortedTargets(Project.java:1405)&#13;
	at org.apache.tools.ant.Project.executeTarget(Project.java:1376)&#13;
	at org.apache.tools.ant.helper.DefaultExecutor.executeTargets(DefaultExecutor.java:41)&#13;
	at org.eclipse.ant.internal.core.ant.EclipseDefaultExecutor.executeTargets(EclipseDefaultExecutor.java:36)&#13;
	at org.apache.tools.ant.Project.executeTargets(Project.java:1260)&#13;
	at org.eclipse.ant.internal.core.ant.InternalAntRunner.run(InternalAntRunner.java:712)&#13;
	at org.eclipse.ant.internal.core.ant.InternalAntRunner.run(InternalAntRunner.java:532)&#13;
	at sun.reflect.NativeMethodAccessorImpl.invoke0(Native Method)&#13;
	at sun.reflect.NativeMethodAccessorImpl.invoke(NativeMethodAccessorImpl.java:62)&#13;
	at sun.reflect.DelegatingMethodAccessorImpl.invoke(DelegatingMethodAccessorImpl.java:43)&#13;
	at java.lang.reflect.Method.invoke(Method.java:498)&#13;
	at org.eclipse.ant.core.AntRunner.run(AntRunner.java:371)&#13;
	at org.eclipse.ant.internal.launching.launchConfigurations.AntLaunchDelegate$1.run(AntLaunchDelegate.java:270)&#13;
	at java.lang.Thread.run(Thread.java:745)&#13;
Caused by: D:\git\201910-proyecto-grupo1\gramatica\instacia\CadenaArquitectura\eunit.xml:46: Model 'Sql' not found&#13;
	... 62 more&#13;
Caused by: Model 'Sql' not found&#13;
	at org.eclipse.epsilon.eol.models.ModelGroup.&lt;init&gt;(ModelGroup.java:41)&#13;
	at org.eclipse.epsilon.eol.models.ModelRepository.getModelByName(ModelRepository.java:76)&#13;
	at org.eclipse.epsilon.workflow.tasks.ExecutableModuleTask.populateModelRepository(ExecutableModuleTask.java:137)&#13;
	at org.eclipse.epsilon.workflow.tasks.ExecutableModuleTask.configureModule(ExecutableModuleTask.java:112)&#13;
	at org.eclipse.epsilon.workflow.tasks.ExecutableModuleTask.executeImpl(ExecutableModuleTask.java:208)&#13;
	... 61 more&#13;
</error></testcase><testcase classname="default.arquitectura-dian-testing" name="transformationUnModulo" time="0.0190000"><error message="Internal error: D:\git\201910-proyecto-grupo1\gramatica\instacia\CadenaArquitectura\eunit.xml:46: Model 'Sql' not found&#13;&#10;&#9;at org.eclipse.epsilon.workflow.tasks.ExecutableModuleTask.executeImpl[ExecutableModuleTask.java:233]&#13;&#10;&#9;at org.eclipse.epsilon.workflow.tasks.EpsilonTask.execute[EpsilonTask.java:39]&#13;&#10;&#9;at org.apache.tools.ant.UnknownElement.execute[UnknownElement.java:293]&#13;&#10;&#9;at sun.reflect.GeneratedMethodAccessor121.invoke[Unknown Source]&#13;&#10;&#9;at sun.reflect.DelegatingMethodAccessorImpl.invoke[DelegatingMethodAccessorImpl.java:43]&#13;&#10;&#9;at java.lang.reflect.Method.invoke[Method.java:498]&#13;&#10;&#9;at org.apache.tools.ant.dispatch.DispatchUtils.execute[DispatchUtils.java:106]&#13;&#10;&#9;at org.apache.tools.ant.Task.perform[Task.java:348]&#13;&#10;&#9;at org.apache.tools.ant.Target.execute[Target.java:435]&#13;&#10;&#9;at org.apache.tools.ant.Target.performTasks[Target.java:456]&#13;&#10;&#9;at org.apache.tools.ant.Project.executeSortedTargets[Project.java:1405]&#13;&#10;&#9;at org.apache.tools.ant.Project.executeTarget[Project.java:1376]&#13;&#10;&#9;at org.eclipse.epsilon.workflow.tasks.EUnitTask$RunTargetOperationContributor.runTarget[EUnitTask.java:87]&#13;&#10;&#9;at sun.reflect.NativeMethodAccessorImpl.invoke0[Native Method]&#13;&#10;&#9;at sun.reflect.NativeMethodAccessorImpl.invoke[NativeMethodAccessorImpl.java:62]&#13;&#10;&#9;at sun.reflect.DelegatingMethodAccessorImpl.invoke[DelegatingMethodAccessorImpl.java:43]&#13;&#10;&#9;at java.lang.reflect.Method.invoke[Method.java:498]&#13;&#10;&#9;at org.eclipse.epsilon.eol.util.ReflectionUtil.executeMethod[ReflectionUtil.java:186]&#13;&#10;&#9;at org.eclipse.epsilon.eol.util.ReflectionUtil.executeMethod[ReflectionUtil.java:162]&#13;&#10;&#9;at org.eclipse.epsilon.eol.execute.introspection.java.ObjectMethod.execute[ObjectMethod.java:48]&#13;&#10;&#9;at org.eclipse.epsilon.eol.dom.OperationCallExpression.execute[OperationCallExpression.java:145]&#13;&#10;&#9;at org.eclipse.epsilon.eol.execute.ExecutorFactory.execute[ExecutorFactory.java:99]&#13;&#10;&#9;at org.eclipse.epsilon.eol.dom.ExpressionStatement.execute[ExpressionStatement.java:33]&#13;&#10;&#9;at org.eclipse.epsilon.eol.execute.ExecutorFactory.execute[ExecutorFactory.java:99]&#13;&#10;&#9;at org.eclipse.epsilon.eol.dom.StatementBlock.execute[StatementBlock.java:58]&#13;&#10;&#9;at org.eclipse.epsilon.eol.execute.ExecutorFactory.execute[ExecutorFactory.java:99]&#13;&#10;&#9;at org.eclipse.epsilon.eol.dom.Operation.executeBody[Operation.java:200]&#13;&#10;&#9;at org.eclipse.epsilon.eol.dom.Operation.execute[Operation.java:183]&#13;&#10;&#9;at org.eclipse.epsilon.eunit.EUnitModule.runLeafTestCase[EUnitModule.java:415]&#13;&#10;&#9;at org.eclipse.epsilon.eunit.EUnitModule.runSuiteInternal[EUnitModule.java:343]&#13;&#10;&#9;at org.eclipse.epsilon.eunit.EUnitModule.runSuite[EUnitModule.java:167]&#13;&#10;&#9;at org.eclipse.epsilon.eunit.EUnitModule.runInnerTestCase[EUnitModule.java:370]&#13;&#10;&#9;at org.eclipse.epsilon.eunit.EUnitModule.runSuiteInternal[EUnitModule.java:345]&#13;&#10;&#9;at org.eclipse.epsilon.eunit.EUnitModule.runSuite[EUnitModule.java:167]&#13;&#10;&#9;at org.eclipse.epsilon.eunit.EUnitModule.executeImpl[EUnitModule.java:128]&#13;&#10;&#9;at org.eclipse.epsilon.eol.execute.ExecutorFactory.execute[ExecutorFactory.java:102]&#13;&#10;&#9;at org.eclipse.epsilon.eol.EolModule.execute[EolModule.java:413]&#13;&#10;&#9;at org.eclipse.epsilon.workflow.tasks.ExecutableModuleTask.executeImpl[ExecutableModuleTask.java:216]&#13;&#10;&#9;at org.eclipse.epsilon.workflow.tasks.EpsilonTask.execute[EpsilonTask.java:39]&#13;&#10;&#9;at org.apache.tools.ant.UnknownElement.execute[UnknownElement.java:293]&#13;&#10;&#9;at sun.reflect.NativeMethodAccessorImpl.invoke0[Native Method]&#13;&#10;&#9;at sun.reflect.NativeMethodAccessorImpl.invoke[NativeMethodAccessorImpl.java:62]&#13;&#10;&#9;at sun.reflect.DelegatingMethodAccessorImpl.invoke[DelegatingMethodAccessorImpl.java:43]&#13;&#10;&#9;at java.lang.reflect.Method.invoke[Method.java:498]&#13;&#10;&#9;at org.apache.tools.ant.dispatch.DispatchUtils.execute[DispatchUtils.java:106]&#13;&#10;&#9;at org.apache.tools.ant.Task.perform[Task.java:348]&#13;&#10;&#9;at org.apache.tools.ant.Target.execute[Target.java:435]&#13;&#10;&#9;at org.apache.tools.ant.Target.performTasks[Target.java:456]&#13;&#10;&#9;at org.apache.tools.ant.Project.executeSortedTargets[Project.java:1405]&#13;&#10;&#9;at org.apache.tools.ant.Project.executeTarget[Project.java:1376]&#13;&#10;&#9;at org.apache.tools.ant.helper.DefaultExecutor.executeTargets[DefaultExecutor.java:41]&#13;&#10;&#9;at org.eclipse.ant.internal.core.ant.EclipseDefaultExecutor.executeTargets[EclipseDefaultExecutor.java:36]&#13;&#10;&#9;at org.apache.tools.ant.Project.executeTargets[Project.java:1260]&#13;&#10;&#9;at org.eclipse.ant.internal.core.ant.InternalAntRunner.run[InternalAntRunner.java:712]&#13;&#10;&#9;at org.eclipse.ant.internal.core.ant.InternalAntRunner.run[InternalAntRunner.java:532]&#13;&#10;&#9;at sun.reflect.NativeMethodAccessorImpl.invoke0[Native Method]&#13;&#10;&#9;at sun.reflect.NativeMethodAccessorImpl.invoke[NativeMethodAccessorImpl.java:62]&#13;&#10;&#9;at sun.reflect.DelegatingMethodAccessorImpl.invoke[DelegatingMethodAccessorImpl.java:43]&#13;&#10;&#9;at java.lang.reflect.Method.invoke[Method.java:498]&#13;&#10;&#9;at org.eclipse.ant.core.AntRunner.run[AntRunner.java:371]&#13;&#10;&#9;at org.eclipse.ant.internal.launching.launchConfigurations.AntLaunchDelegate$1.run[AntLaunchDelegate.java:270]&#13;&#10;&#9;at java.lang.Thread.run[Thread.java:745]&#13;&#10;Caused by: Model 'Sql' not found&#13;&#10;&#9;at org.eclipse.epsilon.eol.models.ModelGroup.&lt;init&gt;[ModelGroup.java:41]&#13;&#10;&#9;at org.eclipse.epsilon.eol.models.ModelRepository.getModelByName[ModelRepository.java:76]&#13;&#10;&#9;at org.eclipse.epsilon.workflow.tasks.ExecutableModuleTask.populateModelRepository[ExecutableModuleTask.java:137]&#13;&#10;&#9;at org.eclipse.epsilon.workflow.tasks.ExecutableModuleTask.configureModule[ExecutableModuleTask.java:112]&#13;&#10;&#9;at org.eclipse.epsilon.workflow.tasks.ExecutableModuleTask.executeImpl[ExecutableModuleTask.java:208]&#13;&#10;&#9;... 61 more&#13;&#10;&#13;&#10;&#9;at (D:\git\201910-proyecto-grupo1\gramatica\instacia\CadenaArquitectura\tests\arquitectura-dian-testing.eunit@40:2-40:30)&#13;&#10;&#9;at (D:\git\201910-proyecto-grupo1\gramatica\instacia\CadenaArquitectura\tests\arquitectura-dian-testing.eunit@40:2-40:30)&#13;&#10;&#9;at (D:\git\201910-proyecto-grupo1\gramatica\instacia\CadenaArquitectura\tests\arquitectura-dian-testing.eunit@39:34-45:2)&#13;&#10;&#9;at (D:\git\201910-proyecto-grupo1\gramatica\instacia\CadenaArquitectura\tests\arquitectura-dian-testing.eunit@31:2-31:30)&#13;&#10;&#9;at (D:\git\201910-proyecto-grupo1\gramatica\instacia\CadenaArquitectura\tests\arquitectura-dian-testing.eunit@31:2-31:30)&#13;&#10;&#9;at (D:\git\201910-proyecto-grupo1\gramatica\instacia\CadenaArquitectura\tests\arquitectura-dian-testing.eunit@30:37-35:2)&#13;&#10;&#9;at (D:\git\201910-proyecto-grupo1\gramatica\instacia\CadenaArquitectura\tests\arquitectura-dian-testing.eunit@24:2-24:30)&#13;&#10;&#9;at (D:\git\201910-proyecto-grupo1\gramatica\instacia\CadenaArquitectura\tests\arquitectura-dian-testing.eunit@24:2-24:30)&#13;&#10;&#9;at (D:\git\201910-proyecto-grupo1\gramatica\instacia\CadenaArquitectura\tests\arquitectura-dian-testing.eunit@23:38-28:2)&#13;&#10;&#9;at (D:\git\201910-proyecto-grupo1\gramatica\instacia\CadenaArquitectura\tests\arquitectura-dian-testing.eunit@15:2-15:30)&#13;&#10;&#9;at (D:\git\201910-proyecto-grupo1\gramatica\instacia\CadenaArquitectura\tests\arquitectura-dian-testing.eunit@15:2-15:30)&#13;&#10;&#9;at (D:\git\201910-proyecto-grupo1\gramatica\instacia\CadenaArquitectura\tests\arquitectura-dian-testing.eunit@14:35-20:2)&#13;&#10;&#9;at (D:\git\201910-proyecto-grupo1\gramatica\instacia\CadenaArquitectura\tests\arquitectura-dian-testing.eunit@9:2-9:30)&#13;&#10;&#9;at (D:\git\201910-proyecto-grupo1\gramatica\instacia\CadenaArquitectura\tests\arquitectura-dian-testing.eunit@9:2-9:30)&#13;&#10;&#9;at (D:\git\201910-proyecto-grupo1\gramatica\instacia\CadenaArquitectura\tests\arquitectura-dian-testing.eunit@8:42-11:1)&#13;&#10;&#9;at (D:\git\201910-proyecto-grupo1\gramatica\instacia\CadenaArquitectura\tests\arquitectura-dian-testing.eunit@0:0-45:2)&#13;&#10;" type="org.eclipse.epsilon.eol.exceptions.EolInternalException">Internal error: D:\git\201910-proyecto-grupo1\gramatica\instacia\CadenaArquitectura\eunit.xml:46: Model 'Sql' not found&#13;
	at org.eclipse.epsilon.workflow.tasks.ExecutableModuleTask.executeImpl[ExecutableModuleTask.java:233]&#13;
	at org.eclipse.epsilon.workflow.tasks.EpsilonTask.execute[EpsilonTask.java:39]&#13;
	at org.apache.tools.ant.UnknownElement.execute[UnknownElement.java:293]&#13;
	at sun.reflect.GeneratedMethodAccessor121.invoke[Unknown Source]&#13;
	at sun.reflect.DelegatingMethodAccessorImpl.invoke[DelegatingMethodAccessorImpl.java:43]&#13;
	at java.lang.reflect.Method.invoke[Method.java:498]&#13;
	at org.apache.tools.ant.dispatch.DispatchUtils.execute[DispatchUtils.java:106]&#13;
	at org.apache.tools.ant.Task.perform[Task.java:348]&#13;
	at org.apache.tools.ant.Target.execute[Target.java:435]&#13;
	at org.apache.tools.ant.Target.performTasks[Target.java:456]&#13;
	at org.apache.tools.ant.Project.executeSortedTargets[Project.java:1405]&#13;
	at org.apache.tools.ant.Project.executeTarget[Project.java:1376]&#13;
	at org.eclipse.epsilon.workflow.tasks.EUnitTask$RunTargetOperationContributor.runTarget[EUnitTask.java:87]&#13;
	at sun.reflect.NativeMethodAccessorImpl.invoke0[Native Method]&#13;
	at sun.reflect.NativeMethodAccessorImpl.invoke[NativeMethodAccessorImpl.java:62]&#13;
	at sun.reflect.DelegatingMethodAccessorImpl.invoke[DelegatingMethodAccessorImpl.java:43]&#13;
	at java.lang.reflect.Method.invoke[Method.java:498]&#13;
	at org.eclipse.epsilon.eol.util.ReflectionUtil.executeMethod[ReflectionUtil.java:186]&#13;
	at org.eclipse.epsilon.eol.util.ReflectionUtil.executeMethod[ReflectionUtil.java:162]&#13;
	at org.eclipse.epsilon.eol.execute.introspection.java.ObjectMethod.execute[ObjectMethod.java:48]&#13;
	at org.eclipse.epsilon.eol.dom.OperationCallExpression.execute[OperationCallExpression.java:145]&#13;
	at org.eclipse.epsilon.eol.execute.ExecutorFactory.execute[ExecutorFactory.java:99]&#13;
	at org.eclipse.epsilon.eol.dom.ExpressionStatement.execute[ExpressionStatement.java:33]&#13;
	at org.eclipse.epsilon.eol.execute.ExecutorFactory.execute[ExecutorFactory.java:99]&#13;
	at org.eclipse.epsilon.eol.dom.StatementBlock.execute[StatementBlock.java:58]&#13;
	at org.eclipse.epsilon.eol.execute.ExecutorFactory.execute[ExecutorFactory.java:99]&#13;
	at org.eclipse.epsilon.eol.dom.Operation.executeBody[Operation.java:200]&#13;
	at org.eclipse.epsilon.eol.dom.Operation.execute[Operation.java:183]&#13;
	at org.eclipse.epsilon.eunit.EUnitModule.runLeafTestCase[EUnitModule.java:415]&#13;
	at org.eclipse.epsilon.eunit.EUnitModule.runSuiteInternal[EUnitModule.java:343]&#13;
	at org.eclipse.epsilon.eunit.EUnitModule.runSuite[EUnitModule.java:167]&#13;
	at org.eclipse.epsilon.eunit.EUnitModule.runInnerTestCase[EUnitModule.java:370]&#13;
	at org.eclipse.epsilon.eunit.EUnitModule.runSuiteInternal[EUnitModule.java:345]&#13;
	at org.eclipse.epsilon.eunit.EUnitModule.runSuite[EUnitModule.java:167]&#13;
	at org.eclipse.epsilon.eunit.EUnitModule.executeImpl[EUnitModule.java:128]&#13;
	at org.eclipse.epsilon.eol.execute.ExecutorFactory.execute[ExecutorFactory.java:102]&#13;
	at org.eclipse.epsilon.eol.EolModule.execute[EolModule.java:413]&#13;
	at org.eclipse.epsilon.workflow.tasks.ExecutableModuleTask.executeImpl[ExecutableModuleTask.java:216]&#13;
	at org.eclipse.epsilon.workflow.tasks.EpsilonTask.execute[EpsilonTask.java:39]&#13;
	at org.apache.tools.ant.UnknownElement.execute[UnknownElement.java:293]&#13;
	at sun.reflect.NativeMethodAccessorImpl.invoke0[Native Method]&#13;
	at sun.reflect.NativeMethodAccessorImpl.invoke[NativeMethodAccessorImpl.java:62]&#13;
	at sun.reflect.DelegatingMethodAccessorImpl.invoke[DelegatingMethodAccessorImpl.java:43]&#13;
	at java.lang.reflect.Method.invoke[Method.java:498]&#13;
	at org.apache.tools.ant.dispatch.DispatchUtils.execute[DispatchUtils.java:106]&#13;
	at org.apache.tools.ant.Task.perform[Task.java:348]&#13;
	at org.apache.tools.ant.Target.execute[Target.java:435]&#13;
	at org.apache.tools.ant.Target.performTasks[Target.java:456]&#13;
	at org.apache.tools.ant.Project.executeSortedTargets[Project.java:1405]&#13;
	at org.apache.tools.ant.Project.executeTarget[Project.java:1376]&#13;
	at org.apache.tools.ant.helper.DefaultExecutor.executeTargets[DefaultExecutor.java:41]&#13;
	at org.eclipse.ant.internal.core.ant.EclipseDefaultExecutor.executeTargets[EclipseDefaultExecutor.java:36]&#13;
	at org.apache.tools.ant.Project.executeTargets[Project.java:1260]&#13;
	at org.eclipse.ant.internal.core.ant.InternalAntRunner.run[InternalAntRunner.java:712]&#13;
	at org.eclipse.ant.internal.core.ant.InternalAntRunner.run[InternalAntRunner.java:532]&#13;
	at sun.reflect.NativeMethodAccessorImpl.invoke0[Native Method]&#13;
	at sun.reflect.NativeMethodAccessorImpl.invoke[NativeMethodAccessorImpl.java:62]&#13;
	at sun.reflect.DelegatingMethodAccessorImpl.invoke[DelegatingMethodAccessorImpl.java:43]&#13;
	at java.lang.reflect.Method.invoke[Method.java:498]&#13;
	at org.eclipse.ant.core.AntRunner.run[AntRunner.java:371]&#13;
	at org.eclipse.ant.internal.launching.launchConfigurations.AntLaunchDelegate$1.run[AntLaunchDelegate.java:270]&#13;
	at java.lang.Thread.run[Thread.java:745]&#13;
Caused by: Model 'Sql' not found&#13;
	at org.eclipse.epsilon.eol.models.ModelGroup.&lt;init&gt;[ModelGroup.java:41]&#13;
	at org.eclipse.epsilon.eol.models.ModelRepository.getModelByName[ModelRepository.java:76]&#13;
	at org.eclipse.epsilon.workflow.tasks.ExecutableModuleTask.populateModelRepository[ExecutableModuleTask.java:137]&#13;
	at org.eclipse.epsilon.workflow.tasks.ExecutableModuleTask.configureModule[ExecutableModuleTask.java:112]&#13;
	at org.eclipse.epsilon.workflow.tasks.ExecutableModuleTask.executeImpl[ExecutableModuleTask.java:208]&#13;
	... 61 more&#13;
&#13;
	at (D:\git\201910-proyecto-grupo1\gramatica\instacia\CadenaArquitectura\tests\arquitectura-dian-testing.eunit@40:2-40:30)&#13;
	at (D:\git\201910-proyecto-grupo1\gramatica\instacia\CadenaArquitectura\tests\arquitectura-dian-testing.eunit@40:2-40:30)&#13;
	at (D:\git\201910-proyecto-grupo1\gramatica\instacia\CadenaArquitectura\tests\arquitectura-dian-testing.eunit@39:34-45:2)&#13;
	at (D:\git\201910-proyecto-grupo1\gramatica\instacia\CadenaArquitectura\tests\arquitectura-dian-testing.eunit@31:2-31:30)&#13;
	at (D:\git\201910-proyecto-grupo1\gramatica\instacia\CadenaArquitectura\tests\arquitectura-dian-testing.eunit@31:2-31:30)&#13;
	at (D:\git\201910-proyecto-grupo1\gramatica\instacia\CadenaArquitectura\tests\arquitectura-dian-testing.eunit@30:37-35:2)&#13;
	at (D:\git\201910-proyecto-grupo1\gramatica\instacia\CadenaArquitectura\tests\arquitectura-dian-testing.eunit@24:2-24:30)&#13;
	at (D:\git\201910-proyecto-grupo1\gramatica\instacia\CadenaArquitectura\tests\arquitectura-dian-testing.eunit@24:2-24:30)&#13;
	at (D:\git\201910-proyecto-grupo1\gramatica\instacia\CadenaArquitectura\tests\arquitectura-dian-testing.eunit@23:38-28:2)&#13;
	at (D:\git\201910-proyecto-grupo1\gramatica\instacia\CadenaArquitectura\tests\arquitectura-dian-testing.eunit@15:2-15:30)&#13;
	at (D:\git\201910-proyecto-grupo1\gramatica\instacia\CadenaArquitectura\tests\arquitectura-dian-testing.eunit@15:2-15:30)&#13;
	at (D:\git\201910-proyecto-grupo1\gramatica\instacia\CadenaArquitectura\tests\arquitectura-dian-testing.eunit@14:35-20:2)&#13;
	at (D:\git\201910-proyecto-grupo1\gramatica\instacia\CadenaArquitectura\tests\arquitectura-dian-testing.eunit@9:2-9:30)&#13;
	at (D:\git\201910-proyecto-grupo1\gramatica\instacia\CadenaArquitectura\tests\arquitectura-dian-testing.eunit@9:2-9:30)&#13;
	at (D:\git\201910-proyecto-grupo1\gramatica\instacia\CadenaArquitectura\tests\arquitectura-dian-testing.eunit@8:42-11:1)&#13;
	at (D:\git\201910-proyecto-grupo1\gramatica\instacia\CadenaArquitectura\tests\arquitectura-dian-testing.eunit@0:0-45:2)&#13;
&#13;
	at org.eclipse.epsilon.workflow.tasks.ExecutableModuleTask.executeImpl(ExecutableModuleTask.java:233)&#13;
	at org.eclipse.epsilon.workflow.tasks.EpsilonTask.execute(EpsilonTask.java:39)&#13;
	at org.apache.tools.ant.UnknownElement.execute(UnknownElement.java:293)&#13;
	at sun.reflect.GeneratedMethodAccessor121.invoke(Unknown Source)&#13;
	at sun.reflect.DelegatingMethodAccessorImpl.invoke(DelegatingMethodAccessorImpl.java:43)&#13;
	at java.lang.reflect.Method.invoke(Method.java:498)&#13;
	at org.apache.tools.ant.dispatch.DispatchUtils.execute(DispatchUtils.java:106)&#13;
	at org.apache.tools.ant.Task.perform(Task.java:348)&#13;
	at org.apache.tools.ant.Target.execute(Target.java:435)&#13;
	at org.apache.tools.ant.Target.performTasks(Target.java:456)&#13;
	at org.apache.tools.ant.Project.executeSortedTargets(Project.java:1405)&#13;
	at org.apache.tools.ant.Project.executeTarget(Project.java:1376)&#13;
	at org.eclipse.epsilon.workflow.tasks.EUnitTask$RunTargetOperationContributor.runTarget(EUnitTask.java:87)&#13;
	at sun.reflect.NativeMethodAccessorImpl.invoke0(Native Method)&#13;
	at sun.reflect.NativeMethodAccessorImpl.invoke(NativeMethodAccessorImpl.java:62)&#13;
	at sun.reflect.DelegatingMethodAccessorImpl.invoke(DelegatingMethodAccessorImpl.java:43)&#13;
	at java.lang.reflect.Method.invoke(Method.java:498)&#13;
	at org.eclipse.epsilon.eol.util.ReflectionUtil.executeMethod(ReflectionUtil.java:186)&#13;
	at org.eclipse.epsilon.eol.util.ReflectionUtil.executeMethod(ReflectionUtil.java:162)&#13;
	at org.eclipse.epsilon.eol.execute.introspection.java.ObjectMethod.execute(ObjectMethod.java:48)&#13;
	at org.eclipse.epsilon.eol.dom.OperationCallExpression.execute(OperationCallExpression.java:145)&#13;
	at org.eclipse.epsilon.eol.execute.ExecutorFactory.execute(ExecutorFactory.java:99)&#13;
	at org.eclipse.epsilon.eol.dom.ExpressionStatement.execute(ExpressionStatement.java:33)&#13;
	at org.eclipse.epsilon.eol.execute.ExecutorFactory.execute(ExecutorFactory.java:99)&#13;
	at org.eclipse.epsilon.eol.dom.StatementBlock.execute(StatementBlock.java:58)&#13;
	at org.eclipse.epsilon.eol.execute.ExecutorFactory.execute(ExecutorFactory.java:99)&#13;
	at org.eclipse.epsilon.eol.dom.Operation.executeBody(Operation.java:200)&#13;
	at org.eclipse.epsilon.eol.dom.Operation.execute(Operation.java:183)&#13;
	at org.eclipse.epsilon.eunit.EUnitModule.runLeafTestCase(EUnitModule.java:415)&#13;
	at org.eclipse.epsilon.eunit.EUnitModule.runSuiteInternal(EUnitModule.java:343)&#13;
	at org.eclipse.epsilon.eunit.EUnitModule.runSuite(EUnitModule.java:167)&#13;
	at org.eclipse.epsilon.eunit.EUnitModule.runInnerTestCase(EUnitModule.java:370)&#13;
	at org.eclipse.epsilon.eunit.EUnitModule.runSuiteInternal(EUnitModule.java:345)&#13;
	at org.eclipse.epsilon.eunit.EUnitModule.runSuite(EUnitModule.java:167)&#13;
	at org.eclipse.epsilon.eunit.EUnitModule.executeImpl(EUnitModule.java:128)&#13;
	at org.eclipse.epsilon.eol.execute.ExecutorFactory.execute(ExecutorFactory.java:102)&#13;
	at org.eclipse.epsilon.eol.EolModule.execute(EolModule.java:413)&#13;
	at org.eclipse.epsilon.workflow.tasks.ExecutableModuleTask.executeImpl(ExecutableModuleTask.java:216)&#13;
	at org.eclipse.epsilon.workflow.tasks.EpsilonTask.execute(EpsilonTask.java:39)&#13;
	at org.apache.tools.ant.UnknownElement.execute(UnknownElement.java:293)&#13;
	at sun.reflect.NativeMethodAccessorImpl.invoke0(Native Method)&#13;
	at sun.reflect.NativeMethodAccessorImpl.invoke(NativeMethodAccessorImpl.java:62)&#13;
	at sun.reflect.DelegatingMethodAccessorImpl.invoke(DelegatingMethodAccessorImpl.java:43)&#13;
	at java.lang.reflect.Method.invoke(Method.java:498)&#13;
	at org.apache.tools.ant.dispatch.DispatchUtils.execute(DispatchUtils.java:106)&#13;
	at org.apache.tools.ant.Task.perform(Task.java:348)&#13;
	at org.apache.tools.ant.Target.execute(Target.java:435)&#13;
	at org.apache.tools.ant.Target.performTasks(Target.java:456)&#13;
	at org.apache.tools.ant.Project.executeSortedTargets(Project.java:1405)&#13;
	at org.apache.tools.ant.Project.executeTarget(Project.java:1376)&#13;
	at org.apache.tools.ant.helper.DefaultExecutor.executeTargets(DefaultExecutor.java:41)&#13;
	at org.eclipse.ant.internal.core.ant.EclipseDefaultExecutor.executeTargets(EclipseDefaultExecutor.java:36)&#13;
	at org.apache.tools.ant.Project.executeTargets(Project.java:1260)&#13;
	at org.eclipse.ant.internal.core.ant.InternalAntRunner.run(InternalAntRunner.java:712)&#13;
	at org.eclipse.ant.internal.core.ant.InternalAntRunner.run(InternalAntRunner.java:532)&#13;
	at sun.reflect.NativeMethodAccessorImpl.invoke0(Native Method)&#13;
	at sun.reflect.NativeMethodAccessorImpl.invoke(NativeMethodAccessorImpl.java:62)&#13;
	at sun.reflect.DelegatingMethodAccessorImpl.invoke(DelegatingMethodAccessorImpl.java:43)&#13;
	at java.lang.reflect.Method.invoke(Method.java:498)&#13;
	at org.eclipse.ant.core.AntRunner.run(AntRunner.java:371)&#13;
	at org.eclipse.ant.internal.launching.launchConfigurations.AntLaunchDelegate$1.run(AntLaunchDelegate.java:270)&#13;
	at java.lang.Thread.run(Thread.java:745)&#13;
Caused by: D:\git\201910-proyecto-grupo1\gramatica\instacia\CadenaArquitectura\eunit.xml:46: Model 'Sql' not found&#13;
	... 62 more&#13;
Caused by: Model 'Sql' not found&#13;
	at org.eclipse.epsilon.eol.models.ModelGroup.&lt;init&gt;(ModelGroup.java:41)&#13;
	at org.eclipse.epsilon.eol.models.ModelRepository.getModelByName(ModelRepository.java:76)&#13;
	at org.eclipse.epsilon.workflow.tasks.ExecutableModuleTask.populateModelRepository(ExecutableModuleTask.java:137)&#13;
	at org.eclipse.epsilon.workflow.tasks.ExecutableModuleTask.configureModule(ExecutableModuleTask.java:112)&#13;
	at org.eclipse.epsilon.workflow.tasks.ExecutableModuleTask.executeImpl(ExecutableModuleTask.java:208)&#13;
	... 61 more&#13;
</error></testcase><testcase classname="default.arquitectura-dian-testing" name="transformationDaoPorTabla" time="0.0150000"><error message="Internal error: D:\git\201910-proyecto-grupo1\gramatica\instacia\CadenaArquitectura\eunit.xml:46: Model 'Sql' not found&#13;&#10;&#9;at org.eclipse.epsilon.workflow.tasks.ExecutableModuleTask.executeImpl[ExecutableModuleTask.java:233]&#13;&#10;&#9;at org.eclipse.epsilon.workflow.tasks.EpsilonTask.execute[EpsilonTask.java:39]&#13;&#10;&#9;at org.apache.tools.ant.UnknownElement.execute[UnknownElement.java:293]&#13;&#10;&#9;at sun.reflect.GeneratedMethodAccessor121.invoke[Unknown Source]&#13;&#10;&#9;at sun.reflect.DelegatingMethodAccessorImpl.invoke[DelegatingMethodAccessorImpl.java:43]&#13;&#10;&#9;at java.lang.reflect.Method.invoke[Method.java:498]&#13;&#10;&#9;at org.apache.tools.ant.dispatch.DispatchUtils.execute[DispatchUtils.java:106]&#13;&#10;&#9;at org.apache.tools.ant.Task.perform[Task.java:348]&#13;&#10;&#9;at org.apache.tools.ant.Target.execute[Target.java:435]&#13;&#10;&#9;at org.apache.tools.ant.Target.performTasks[Target.java:456]&#13;&#10;&#9;at org.apache.tools.ant.Project.executeSortedTargets[Project.java:1405]&#13;&#10;&#9;at org.apache.tools.ant.Project.executeTarget[Project.java:1376]&#13;&#10;&#9;at org.eclipse.epsilon.workflow.tasks.EUnitTask$RunTargetOperationContributor.runTarget[EUnitTask.java:87]&#13;&#10;&#9;at sun.reflect.NativeMethodAccessorImpl.invoke0[Native Method]&#13;&#10;&#9;at sun.reflect.NativeMethodAccessorImpl.invoke[NativeMethodAccessorImpl.java:62]&#13;&#10;&#9;at sun.reflect.DelegatingMethodAccessorImpl.invoke[DelegatingMethodAccessorImpl.java:43]&#13;&#10;&#9;at java.lang.reflect.Method.invoke[Method.java:498]&#13;&#10;&#9;at org.eclipse.epsilon.eol.util.ReflectionUtil.executeMethod[ReflectionUtil.java:186]&#13;&#10;&#9;at org.eclipse.epsilon.eol.util.ReflectionUtil.executeMethod[ReflectionUtil.java:162]&#13;&#10;&#9;at org.eclipse.epsilon.eol.execute.introspection.java.ObjectMethod.execute[ObjectMethod.java:48]&#13;&#10;&#9;at org.eclipse.epsilon.eol.dom.OperationCallExpression.execute[OperationCallExpression.java:145]&#13;&#10;&#9;at org.eclipse.epsilon.eol.execute.ExecutorFactory.execute[ExecutorFactory.java:99]&#13;&#10;&#9;at org.eclipse.epsilon.eol.dom.ExpressionStatement.execute[ExpressionStatement.java:33]&#13;&#10;&#9;at org.eclipse.epsilon.eol.execute.ExecutorFactory.execute[ExecutorFactory.java:99]&#13;&#10;&#9;at org.eclipse.epsilon.eol.dom.StatementBlock.execute[StatementBlock.java:58]&#13;&#10;&#9;at org.eclipse.epsilon.eol.execute.ExecutorFactory.execute[ExecutorFactory.java:99]&#13;&#10;&#9;at org.eclipse.epsilon.eol.dom.Operation.executeBody[Operation.java:200]&#13;&#10;&#9;at org.eclipse.epsilon.eol.dom.Operation.execute[Operation.java:183]&#13;&#10;&#9;at org.eclipse.epsilon.eunit.EUnitModule.runLeafTestCase[EUnitModule.java:415]&#13;&#10;&#9;at org.eclipse.epsilon.eunit.EUnitModule.runSuiteInternal[EUnitModule.java:343]&#13;&#10;&#9;at org.eclipse.epsilon.eunit.EUnitModule.runSuite[EUnitModule.java:167]&#13;&#10;&#9;at org.eclipse.epsilon.eunit.EUnitModule.runInnerTestCase[EUnitModule.java:370]&#13;&#10;&#9;at org.eclipse.epsilon.eunit.EUnitModule.runSuiteInternal[EUnitModule.java:345]&#13;&#10;&#9;at org.eclipse.epsilon.eunit.EUnitModule.runSuite[EUnitModule.java:167]&#13;&#10;&#9;at org.eclipse.epsilon.eunit.EUnitModule.executeImpl[EUnitModule.java:128]&#13;&#10;&#9;at org.eclipse.epsilon.eol.execute.ExecutorFactory.execute[ExecutorFactory.java:102]&#13;&#10;&#9;at org.eclipse.epsilon.eol.EolModule.execute[EolModule.java:413]&#13;&#10;&#9;at org.eclipse.epsilon.workflow.tasks.ExecutableModuleTask.executeImpl[ExecutableModuleTask.java:216]&#13;&#10;&#9;at org.eclipse.epsilon.workflow.tasks.EpsilonTask.execute[EpsilonTask.java:39]&#13;&#10;&#9;at org.apache.tools.ant.UnknownElement.execute[UnknownElement.java:293]&#13;&#10;&#9;at sun.reflect.NativeMethodAccessorImpl.invoke0[Native Method]&#13;&#10;&#9;at sun.reflect.NativeMethodAccessorImpl.invoke[NativeMethodAccessorImpl.java:62]&#13;&#10;&#9;at sun.reflect.DelegatingMethodAccessorImpl.invoke[DelegatingMethodAccessorImpl.java:43]&#13;&#10;&#9;at java.lang.reflect.Method.invoke[Method.java:498]&#13;&#10;&#9;at org.apache.tools.ant.dispatch.DispatchUtils.execute[DispatchUtils.java:106]&#13;&#10;&#9;at org.apache.tools.ant.Task.perform[Task.java:348]&#13;&#10;&#9;at org.apache.tools.ant.Target.execute[Target.java:435]&#13;&#10;&#9;at org.apache.tools.ant.Target.performTasks[Target.java:456]&#13;&#10;&#9;at org.apache.tools.ant.Project.executeSortedTargets[Project.java:1405]&#13;&#10;&#9;at org.apache.tools.ant.Project.executeTarget[Project.java:1376]&#13;&#10;&#9;at org.apache.tools.ant.helper.DefaultExecutor.executeTargets[DefaultExecutor.java:41]&#13;&#10;&#9;at org.eclipse.ant.internal.core.ant.EclipseDefaultExecutor.executeTargets[EclipseDefaultExecutor.java:36]&#13;&#10;&#9;at org.apache.tools.ant.Project.executeTargets[Project.java:1260]&#13;&#10;&#9;at org.eclipse.ant.internal.core.ant.InternalAntRunner.run[InternalAntRunner.java:712]&#13;&#10;&#9;at org.eclipse.ant.internal.core.ant.InternalAntRunner.run[InternalAntRunner.java:532]&#13;&#10;&#9;at sun.reflect.NativeMethodAccessorImpl.invoke0[Native Method]&#13;&#10;&#9;at sun.reflect.NativeMethodAccessorImpl.invoke[NativeMethodAccessorImpl.java:62]&#13;&#10;&#9;at sun.reflect.DelegatingMethodAccessorImpl.invoke[DelegatingMethodAccessorImpl.java:43]&#13;&#10;&#9;at java.lang.reflect.Method.invoke[Method.java:498]&#13;&#10;&#9;at org.eclipse.ant.core.AntRunner.run[AntRunner.java:371]&#13;&#10;&#9;at org.eclipse.ant.internal.launching.launchConfigurations.AntLaunchDelegate$1.run[AntLaunchDelegate.java:270]&#13;&#10;&#9;at java.lang.Thread.run[Thread.java:745]&#13;&#10;Caused by: Model 'Sql' not found&#13;&#10;&#9;at org.eclipse.epsilon.eol.models.ModelGroup.&lt;init&gt;[ModelGroup.java:41]&#13;&#10;&#9;at org.eclipse.epsilon.eol.models.ModelRepository.getModelByName[ModelRepository.java:76]&#13;&#10;&#9;at org.eclipse.epsilon.workflow.tasks.ExecutableModuleTask.populateModelRepository[ExecutableModuleTask.java:137]&#13;&#10;&#9;at org.eclipse.epsilon.workflow.tasks.ExecutableModuleTask.configureModule[ExecutableModuleTask.java:112]&#13;&#10;&#9;at org.eclipse.epsilon.workflow.tasks.ExecutableModuleTask.executeImpl[ExecutableModuleTask.java:208]&#13;&#10;&#9;... 61 more&#13;&#10;&#13;&#10;&#9;at (D:\git\201910-proyecto-grupo1\gramatica\instacia\CadenaArquitectura\tests\arquitectura-dian-testing.eunit@40:2-40:30)&#13;&#10;&#9;at (D:\git\201910-proyecto-grupo1\gramatica\instacia\CadenaArquitectura\tests\arquitectura-dian-testing.eunit@40:2-40:30)&#13;&#10;&#9;at (D:\git\201910-proyecto-grupo1\gramatica\instacia\CadenaArquitectura\tests\arquitectura-dian-testing.eunit@39:34-45:2)&#13;&#10;&#9;at (D:\git\201910-proyecto-grupo1\gramatica\instacia\CadenaArquitectura\tests\arquitectura-dian-testing.eunit@31:2-31:30)&#13;&#10;&#9;at (D:\git\201910-proyecto-grupo1\gramatica\instacia\CadenaArquitectura\tests\arquitectura-dian-testing.eunit@31:2-31:30)&#13;&#10;&#9;at (D:\git\201910-proyecto-grupo1\gramatica\instacia\CadenaArquitectura\tests\arquitectura-dian-testing.eunit@30:37-35:2)&#13;&#10;&#9;at (D:\git\201910-proyecto-grupo1\gramatica\instacia\CadenaArquitectura\tests\arquitectura-dian-testing.eunit@24:2-24:30)&#13;&#10;&#9;at (D:\git\201910-proyecto-grupo1\gramatica\instacia\CadenaArquitectura\tests\arquitectura-dian-testing.eunit@24:2-24:30)&#13;&#10;&#9;at (D:\git\201910-proyecto-grupo1\gramatica\instacia\CadenaArquitectura\tests\arquitectura-dian-testing.eunit@23:38-28:2)&#13;&#10;&#9;at (D:\git\201910-proyecto-grupo1\gramatica\instacia\CadenaArquitectura\tests\arquitectura-dian-testing.eunit@15:2-15:30)&#13;&#10;&#9;at (D:\git\201910-proyecto-grupo1\gramatica\instacia\CadenaArquitectura\tests\arquitectura-dian-testing.eunit@15:2-15:30)&#13;&#10;&#9;at (D:\git\201910-proyecto-grupo1\gramatica\instacia\CadenaArquitectura\tests\arquitectura-dian-testing.eunit@14:35-20:2)&#13;&#10;&#9;at (D:\git\201910-proyecto-grupo1\gramatica\instacia\CadenaArquitectura\tests\arquitectura-dian-testing.eunit@9:2-9:30)&#13;&#10;&#9;at (D:\git\201910-proyecto-grupo1\gramatica\instacia\CadenaArquitectura\tests\arquitectura-dian-testing.eunit@9:2-9:30)&#13;&#10;&#9;at (D:\git\201910-proyecto-grupo1\gramatica\instacia\CadenaArquitectura\tests\arquitectura-dian-testing.eunit@8:42-11:1)&#13;&#10;&#9;at (D:\git\201910-proyecto-grupo1\gramatica\instacia\CadenaArquitectura\tests\arquitectura-dian-testing.eunit@0:0-45:2)&#13;&#10;" type="org.eclipse.epsilon.eol.exceptions.EolInternalException">Internal error: D:\git\201910-proyecto-grupo1\gramatica\instacia\CadenaArquitectura\eunit.xml:46: Model 'Sql' not found&#13;
	at org.eclipse.epsilon.workflow.tasks.ExecutableModuleTask.executeImpl[ExecutableModuleTask.java:233]&#13;
	at org.eclipse.epsilon.workflow.tasks.EpsilonTask.execute[EpsilonTask.java:39]&#13;
	at org.apache.tools.ant.UnknownElement.execute[UnknownElement.java:293]&#13;
	at sun.reflect.GeneratedMethodAccessor121.invoke[Unknown Source]&#13;
	at sun.reflect.DelegatingMethodAccessorImpl.invoke[DelegatingMethodAccessorImpl.java:43]&#13;
	at java.lang.reflect.Method.invoke[Method.java:498]&#13;
	at org.apache.tools.ant.dispatch.DispatchUtils.execute[DispatchUtils.java:106]&#13;
	at org.apache.tools.ant.Task.perform[Task.java:348]&#13;
	at org.apache.tools.ant.Target.execute[Target.java:435]&#13;
	at org.apache.tools.ant.Target.performTasks[Target.java:456]&#13;
	at org.apache.tools.ant.Project.executeSortedTargets[Project.java:1405]&#13;
	at org.apache.tools.ant.Project.executeTarget[Project.java:1376]&#13;
	at org.eclipse.epsilon.workflow.tasks.EUnitTask$RunTargetOperationContributor.runTarget[EUnitTask.java:87]&#13;
	at sun.reflect.NativeMethodAccessorImpl.invoke0[Native Method]&#13;
	at sun.reflect.NativeMethodAccessorImpl.invoke[NativeMethodAccessorImpl.java:62]&#13;
	at sun.reflect.DelegatingMethodAccessorImpl.invoke[DelegatingMethodAccessorImpl.java:43]&#13;
	at java.lang.reflect.Method.invoke[Method.java:498]&#13;
	at org.eclipse.epsilon.eol.util.ReflectionUtil.executeMethod[ReflectionUtil.java:186]&#13;
	at org.eclipse.epsilon.eol.util.ReflectionUtil.executeMethod[ReflectionUtil.java:162]&#13;
	at org.eclipse.epsilon.eol.execute.introspection.java.ObjectMethod.execute[ObjectMethod.java:48]&#13;
	at org.eclipse.epsilon.eol.dom.OperationCallExpression.execute[OperationCallExpression.java:145]&#13;
	at org.eclipse.epsilon.eol.execute.ExecutorFactory.execute[ExecutorFactory.java:99]&#13;
	at org.eclipse.epsilon.eol.dom.ExpressionStatement.execute[ExpressionStatement.java:33]&#13;
	at org.eclipse.epsilon.eol.execute.ExecutorFactory.execute[ExecutorFactory.java:99]&#13;
	at org.eclipse.epsilon.eol.dom.StatementBlock.execute[StatementBlock.java:58]&#13;
	at org.eclipse.epsilon.eol.execute.ExecutorFactory.execute[ExecutorFactory.java:99]&#13;
	at org.eclipse.epsilon.eol.dom.Operation.executeBody[Operation.java:200]&#13;
	at org.eclipse.epsilon.eol.dom.Operation.execute[Operation.java:183]&#13;
	at org.eclipse.epsilon.eunit.EUnitModule.runLeafTestCase[EUnitModule.java:415]&#13;
	at org.eclipse.epsilon.eunit.EUnitModule.runSuiteInternal[EUnitModule.java:343]&#13;
	at org.eclipse.epsilon.eunit.EUnitModule.runSuite[EUnitModule.java:167]&#13;
	at org.eclipse.epsilon.eunit.EUnitModule.runInnerTestCase[EUnitModule.java:370]&#13;
	at org.eclipse.epsilon.eunit.EUnitModule.runSuiteInternal[EUnitModule.java:345]&#13;
	at org.eclipse.epsilon.eunit.EUnitModule.runSuite[EUnitModule.java:167]&#13;
	at org.eclipse.epsilon.eunit.EUnitModule.executeImpl[EUnitModule.java:128]&#13;
	at org.eclipse.epsilon.eol.execute.ExecutorFactory.execute[ExecutorFactory.java:102]&#13;
	at org.eclipse.epsilon.eol.EolModule.execute[EolModule.java:413]&#13;
	at org.eclipse.epsilon.workflow.tasks.ExecutableModuleTask.executeImpl[ExecutableModuleTask.java:216]&#13;
	at org.eclipse.epsilon.workflow.tasks.EpsilonTask.execute[EpsilonTask.java:39]&#13;
	at org.apache.tools.ant.UnknownElement.execute[UnknownElement.java:293]&#13;
	at sun.reflect.NativeMethodAccessorImpl.invoke0[Native Method]&#13;
	at sun.reflect.NativeMethodAccessorImpl.invoke[NativeMethodAccessorImpl.java:62]&#13;
	at sun.reflect.DelegatingMethodAccessorImpl.invoke[DelegatingMethodAccessorImpl.java:43]&#13;
	at java.lang.reflect.Method.invoke[Method.java:498]&#13;
	at org.apache.tools.ant.dispatch.DispatchUtils.execute[DispatchUtils.java:106]&#13;
	at org.apache.tools.ant.Task.perform[Task.java:348]&#13;
	at org.apache.tools.ant.Target.execute[Target.java:435]&#13;
	at org.apache.tools.ant.Target.performTasks[Target.java:456]&#13;
	at org.apache.tools.ant.Project.executeSortedTargets[Project.java:1405]&#13;
	at org.apache.tools.ant.Project.executeTarget[Project.java:1376]&#13;
	at org.apache.tools.ant.helper.DefaultExecutor.executeTargets[DefaultExecutor.java:41]&#13;
	at org.eclipse.ant.internal.core.ant.EclipseDefaultExecutor.executeTargets[EclipseDefaultExecutor.java:36]&#13;
	at org.apache.tools.ant.Project.executeTargets[Project.java:1260]&#13;
	at org.eclipse.ant.internal.core.ant.InternalAntRunner.run[InternalAntRunner.java:712]&#13;
	at org.eclipse.ant.internal.core.ant.InternalAntRunner.run[InternalAntRunner.java:532]&#13;
	at sun.reflect.NativeMethodAccessorImpl.invoke0[Native Method]&#13;
	at sun.reflect.NativeMethodAccessorImpl.invoke[NativeMethodAccessorImpl.java:62]&#13;
	at sun.reflect.DelegatingMethodAccessorImpl.invoke[DelegatingMethodAccessorImpl.java:43]&#13;
	at java.lang.reflect.Method.invoke[Method.java:498]&#13;
	at org.eclipse.ant.core.AntRunner.run[AntRunner.java:371]&#13;
	at org.eclipse.ant.internal.launching.launchConfigurations.AntLaunchDelegate$1.run[AntLaunchDelegate.java:270]&#13;
	at java.lang.Thread.run[Thread.java:745]&#13;
Caused by: Model 'Sql' not found&#13;
	at org.eclipse.epsilon.eol.models.ModelGroup.&lt;init&gt;[ModelGroup.java:41]&#13;
	at org.eclipse.epsilon.eol.models.ModelRepository.getModelByName[ModelRepository.java:76]&#13;
	at org.eclipse.epsilon.workflow.tasks.ExecutableModuleTask.populateModelRepository[ExecutableModuleTask.java:137]&#13;
	at org.eclipse.epsilon.workflow.tasks.ExecutableModuleTask.configureModule[ExecutableModuleTask.java:112]&#13;
	at org.eclipse.epsilon.workflow.tasks.ExecutableModuleTask.executeImpl[ExecutableModuleTask.java:208]&#13;
	... 61 more&#13;
&#13;
	at (D:\git\201910-proyecto-grupo1\gramatica\instacia\CadenaArquitectura\tests\arquitectura-dian-testing.eunit@40:2-40:30)&#13;
	at (D:\git\201910-proyecto-grupo1\gramatica\instacia\CadenaArquitectura\tests\arquitectura-dian-testing.eunit@40:2-40:30)&#13;
	at (D:\git\201910-proyecto-grupo1\gramatica\instacia\CadenaArquitectura\tests\arquitectura-dian-testing.eunit@39:34-45:2)&#13;
	at (D:\git\201910-proyecto-grupo1\gramatica\instacia\CadenaArquitectura\tests\arquitectura-dian-testing.eunit@31:2-31:30)&#13;
	at (D:\git\201910-proyecto-grupo1\gramatica\instacia\CadenaArquitectura\tests\arquitectura-dian-testing.eunit@31:2-31:30)&#13;
	at (D:\git\201910-proyecto-grupo1\gramatica\instacia\CadenaArquitectura\tests\arquitectura-dian-testing.eunit@30:37-35:2)&#13;
	at (D:\git\201910-proyecto-grupo1\gramatica\instacia\CadenaArquitectura\tests\arquitectura-dian-testing.eunit@24:2-24:30)&#13;
	at (D:\git\201910-proyecto-grupo1\gramatica\instacia\CadenaArquitectura\tests\arquitectura-dian-testing.eunit@24:2-24:30)&#13;
	at (D:\git\201910-proyecto-grupo1\gramatica\instacia\CadenaArquitectura\tests\arquitectura-dian-testing.eunit@23:38-28:2)&#13;
	at (D:\git\201910-proyecto-grupo1\gramatica\instacia\CadenaArquitectura\tests\arquitectura-dian-testing.eunit@15:2-15:30)&#13;
	at (D:\git\201910-proyecto-grupo1\gramatica\instacia\CadenaArquitectura\tests\arquitectura-dian-testing.eunit@15:2-15:30)&#13;
	at (D:\git\201910-proyecto-grupo1\gramatica\instacia\CadenaArquitectura\tests\arquitectura-dian-testing.eunit@14:35-20:2)&#13;
	at (D:\git\201910-proyecto-grupo1\gramatica\instacia\CadenaArquitectura\tests\arquitectura-dian-testing.eunit@9:2-9:30)&#13;
	at (D:\git\201910-proyecto-grupo1\gramatica\instacia\CadenaArquitectura\tests\arquitectura-dian-testing.eunit@9:2-9:30)&#13;
	at (D:\git\201910-proyecto-grupo1\gramatica\instacia\CadenaArquitectura\tests\arquitectura-dian-testing.eunit@8:42-11:1)&#13;
	at (D:\git\201910-proyecto-grupo1\gramatica\instacia\CadenaArquitectura\tests\arquitectura-dian-testing.eunit@0:0-45:2)&#13;
&#13;
	at org.eclipse.epsilon.workflow.tasks.ExecutableModuleTask.executeImpl(ExecutableModuleTask.java:233)&#13;
	at org.eclipse.epsilon.workflow.tasks.EpsilonTask.execute(EpsilonTask.java:39)&#13;
	at org.apache.tools.ant.UnknownElement.execute(UnknownElement.java:293)&#13;
	at sun.reflect.GeneratedMethodAccessor121.invoke(Unknown Source)&#13;
	at sun.reflect.DelegatingMethodAccessorImpl.invoke(DelegatingMethodAccessorImpl.java:43)&#13;
	at java.lang.reflect.Method.invoke(Method.java:498)&#13;
	at org.apache.tools.ant.dispatch.DispatchUtils.execute(DispatchUtils.java:106)&#13;
	at org.apache.tools.ant.Task.perform(Task.java:348)&#13;
	at org.apache.tools.ant.Target.execute(Target.java:435)&#13;
	at org.apache.tools.ant.Target.performTasks(Target.java:456)&#13;
	at org.apache.tools.ant.Project.executeSortedTargets(Project.java:1405)&#13;
	at org.apache.tools.ant.Project.executeTarget(Project.java:1376)&#13;
	at org.eclipse.epsilon.workflow.tasks.EUnitTask$RunTargetOperationContributor.runTarget(EUnitTask.java:87)&#13;
	at sun.reflect.NativeMethodAccessorImpl.invoke0(Native Method)&#13;
	at sun.reflect.NativeMethodAccessorImpl.invoke(NativeMethodAccessorImpl.java:62)&#13;
	at sun.reflect.DelegatingMethodAccessorImpl.invoke(DelegatingMethodAccessorImpl.java:43)&#13;
	at java.lang.reflect.Method.invoke(Method.java:498)&#13;
	at org.eclipse.epsilon.eol.util.ReflectionUtil.executeMethod(ReflectionUtil.java:186)&#13;
	at org.eclipse.epsilon.eol.util.ReflectionUtil.executeMethod(ReflectionUtil.java:162)&#13;
	at org.eclipse.epsilon.eol.execute.introspection.java.ObjectMethod.execute(ObjectMethod.java:48)&#13;
	at org.eclipse.epsilon.eol.dom.OperationCallExpression.execute(OperationCallExpression.java:145)&#13;
	at org.eclipse.epsilon.eol.execute.ExecutorFactory.execute(ExecutorFactory.java:99)&#13;
	at org.eclipse.epsilon.eol.dom.ExpressionStatement.execute(ExpressionStatement.java:33)&#13;
	at org.eclipse.epsilon.eol.execute.ExecutorFactory.execute(ExecutorFactory.java:99)&#13;
	at org.eclipse.epsilon.eol.dom.StatementBlock.execute(StatementBlock.java:58)&#13;
	at org.eclipse.epsilon.eol.execute.ExecutorFactory.execute(ExecutorFactory.java:99)&#13;
	at org.eclipse.epsilon.eol.dom.Operation.executeBody(Operation.java:200)&#13;
	at org.eclipse.epsilon.eol.dom.Operation.execute(Operation.java:183)&#13;
	at org.eclipse.epsilon.eunit.EUnitModule.runLeafTestCase(EUnitModule.java:415)&#13;
	at org.eclipse.epsilon.eunit.EUnitModule.runSuiteInternal(EUnitModule.java:343)&#13;
	at org.eclipse.epsilon.eunit.EUnitModule.runSuite(EUnitModule.java:167)&#13;
	at org.eclipse.epsilon.eunit.EUnitModule.runInnerTestCase(EUnitModule.java:370)&#13;
	at org.eclipse.epsilon.eunit.EUnitModule.runSuiteInternal(EUnitModule.java:345)&#13;
	at org.eclipse.epsilon.eunit.EUnitModule.runSuite(EUnitModule.java:167)&#13;
	at org.eclipse.epsilon.eunit.EUnitModule.executeImpl(EUnitModule.java:128)&#13;
	at org.eclipse.epsilon.eol.execute.ExecutorFactory.execute(ExecutorFactory.java:102)&#13;
	at org.eclipse.epsilon.eol.EolModule.execute(EolModule.java:413)&#13;
	at org.eclipse.epsilon.workflow.tasks.ExecutableModuleTask.executeImpl(ExecutableModuleTask.java:216)&#13;
	at org.eclipse.epsilon.workflow.tasks.EpsilonTask.execute(EpsilonTask.java:39)&#13;
	at org.apache.tools.ant.UnknownElement.execute(UnknownElement.java:293)&#13;
	at sun.reflect.NativeMethodAccessorImpl.invoke0(Native Method)&#13;
	at sun.reflect.NativeMethodAccessorImpl.invoke(NativeMethodAccessorImpl.java:62)&#13;
	at sun.reflect.DelegatingMethodAccessorImpl.invoke(DelegatingMethodAccessorImpl.java:43)&#13;
	at java.lang.reflect.Method.invoke(Method.java:498)&#13;
	at org.apache.tools.ant.dispatch.DispatchUtils.execute(DispatchUtils.java:106)&#13;
	at org.apache.tools.ant.Task.perform(Task.java:348)&#13;
	at org.apache.tools.ant.Target.execute(Target.java:435)&#13;
	at org.apache.tools.ant.Target.performTasks(Target.java:456)&#13;
	at org.apache.tools.ant.Project.executeSortedTargets(Project.java:1405)&#13;
	at org.apache.tools.ant.Project.executeTarget(Project.java:1376)&#13;
	at org.apache.tools.ant.helper.DefaultExecutor.executeTargets(DefaultExecutor.java:41)&#13;
	at org.eclipse.ant.internal.core.ant.EclipseDefaultExecutor.executeTargets(EclipseDefaultExecutor.java:36)&#13;
	at org.apache.tools.ant.Project.executeTargets(Project.java:1260)&#13;
	at org.eclipse.ant.internal.core.ant.InternalAntRunner.run(InternalAntRunner.java:712)&#13;
	at org.eclipse.ant.internal.core.ant.InternalAntRunner.run(InternalAntRunner.java:532)&#13;
	at sun.reflect.NativeMethodAccessorImpl.invoke0(Native Method)&#13;
	at sun.reflect.NativeMethodAccessorImpl.invoke(NativeMethodAccessorImpl.java:62)&#13;
	at sun.reflect.DelegatingMethodAccessorImpl.invoke(DelegatingMethodAccessorImpl.java:43)&#13;
	at java.lang.reflect.Method.invoke(Method.java:498)&#13;
	at org.eclipse.ant.core.AntRunner.run(AntRunner.java:371)&#13;
	at org.eclipse.ant.internal.launching.launchConfigurations.AntLaunchDelegate$1.run(AntLaunchDelegate.java:270)&#13;
	at java.lang.Thread.run(Thread.java:745)&#13;
Caused by: D:\git\201910-proyecto-grupo1\gramatica\instacia\CadenaArquitectura\eunit.xml:46: Model 'Sql' not found&#13;
	... 62 more&#13;
Caused by: Model 'Sql' not found&#13;
	at org.eclipse.epsilon.eol.models.ModelGroup.&lt;init&gt;(ModelGroup.java:41)&#13;
	at org.eclipse.epsilon.eol.models.ModelRepository.getModelByName(ModelRepository.java:76)&#13;
	at org.eclipse.epsilon.workflow.tasks.ExecutableModuleTask.populateModelRepository(ExecutableModuleTask.java:137)&#13;
	at org.eclipse.epsilon.workflow.tasks.ExecutableModuleTask.configureModule(ExecutableModuleTask.java:112)&#13;
	at org.eclipse.epsilon.workflow.tasks.ExecutableModuleTask.executeImpl(ExecutableModuleTask.java:208)&#13;
	... 61 more&#13;
</error></testcase><testcase classname="default.arquitectura-dian-testing" name="transformationUnDelegado" time="0.0160000"><error message="Internal error: D:\git\201910-proyecto-grupo1\gramatica\instacia\CadenaArquitectura\eunit.xml:46: Model 'Sql' not found&#13;&#10;&#9;at org.eclipse.epsilon.workflow.tasks.ExecutableModuleTask.executeImpl[ExecutableModuleTask.java:233]&#13;&#10;&#9;at org.eclipse.epsilon.workflow.tasks.EpsilonTask.execute[EpsilonTask.java:39]&#13;&#10;&#9;at org.apache.tools.ant.UnknownElement.execute[UnknownElement.java:293]&#13;&#10;&#9;at sun.reflect.GeneratedMethodAccessor121.invoke[Unknown Source]&#13;&#10;&#9;at sun.reflect.DelegatingMethodAccessorImpl.invoke[DelegatingMethodAccessorImpl.java:43]&#13;&#10;&#9;at java.lang.reflect.Method.invoke[Method.java:498]&#13;&#10;&#9;at org.apache.tools.ant.dispatch.DispatchUtils.execute[DispatchUtils.java:106]&#13;&#10;&#9;at org.apache.tools.ant.Task.perform[Task.java:348]&#13;&#10;&#9;at org.apache.tools.ant.Target.execute[Target.java:435]&#13;&#10;&#9;at org.apache.tools.ant.Target.performTasks[Target.java:456]&#13;&#10;&#9;at org.apache.tools.ant.Project.executeSortedTargets[Project.java:1405]&#13;&#10;&#9;at org.apache.tools.ant.Project.executeTarget[Project.java:1376]&#13;&#10;&#9;at org.eclipse.epsilon.workflow.tasks.EUnitTask$RunTargetOperationContributor.runTarget[EUnitTask.java:87]&#13;&#10;&#9;at sun.reflect.NativeMethodAccessorImpl.invoke0[Native Method]&#13;&#10;&#9;at sun.reflect.NativeMethodAccessorImpl.invoke[NativeMethodAccessorImpl.java:62]&#13;&#10;&#9;at sun.reflect.DelegatingMethodAccessorImpl.invoke[DelegatingMethodAccessorImpl.java:43]&#13;&#10;&#9;at java.lang.reflect.Method.invoke[Method.java:498]&#13;&#10;&#9;at org.eclipse.epsilon.eol.util.ReflectionUtil.executeMethod[ReflectionUtil.java:186]&#13;&#10;&#9;at org.eclipse.epsilon.eol.util.ReflectionUtil.executeMethod[ReflectionUtil.java:162]&#13;&#10;&#9;at org.eclipse.epsilon.eol.execute.introspection.java.ObjectMethod.execute[ObjectMethod.java:48]&#13;&#10;&#9;at org.eclipse.epsilon.eol.dom.OperationCallExpression.execute[OperationCallExpression.java:145]&#13;&#10;&#9;at org.eclipse.epsilon.eol.execute.ExecutorFactory.execute[ExecutorFactory.java:99]&#13;&#10;&#9;at org.eclipse.epsilon.eol.dom.ExpressionStatement.execute[ExpressionStatement.java:33]&#13;&#10;&#9;at org.eclipse.epsilon.eol.execute.ExecutorFactory.execute[ExecutorFactory.java:99]&#13;&#10;&#9;at org.eclipse.epsilon.eol.dom.StatementBlock.execute[StatementBlock.java:58]&#13;&#10;&#9;at org.eclipse.epsilon.eol.execute.ExecutorFactory.execute[ExecutorFactory.java:99]&#13;&#10;&#9;at org.eclipse.epsilon.eol.dom.Operation.executeBody[Operation.java:200]&#13;&#10;&#9;at org.eclipse.epsilon.eol.dom.Operation.execute[Operation.java:183]&#13;&#10;&#9;at org.eclipse.epsilon.eunit.EUnitModule.runLeafTestCase[EUnitModule.java:415]&#13;&#10;&#9;at org.eclipse.epsilon.eunit.EUnitModule.runSuiteInternal[EUnitModule.java:343]&#13;&#10;&#9;at org.eclipse.epsilon.eunit.EUnitModule.runSuite[EUnitModule.java:167]&#13;&#10;&#9;at org.eclipse.epsilon.eunit.EUnitModule.runInnerTestCase[EUnitModule.java:370]&#13;&#10;&#9;at org.eclipse.epsilon.eunit.EUnitModule.runSuiteInternal[EUnitModule.java:345]&#13;&#10;&#9;at org.eclipse.epsilon.eunit.EUnitModule.runSuite[EUnitModule.java:167]&#13;&#10;&#9;at org.eclipse.epsilon.eunit.EUnitModule.executeImpl[EUnitModule.java:128]&#13;&#10;&#9;at org.eclipse.epsilon.eol.execute.ExecutorFactory.execute[ExecutorFactory.java:102]&#13;&#10;&#9;at org.eclipse.epsilon.eol.EolModule.execute[EolModule.java:413]&#13;&#10;&#9;at org.eclipse.epsilon.workflow.tasks.ExecutableModuleTask.executeImpl[ExecutableModuleTask.java:216]&#13;&#10;&#9;at org.eclipse.epsilon.workflow.tasks.EpsilonTask.execute[EpsilonTask.java:39]&#13;&#10;&#9;at org.apache.tools.ant.UnknownElement.execute[UnknownElement.java:293]&#13;&#10;&#9;at sun.reflect.NativeMethodAccessorImpl.invoke0[Native Method]&#13;&#10;&#9;at sun.reflect.NativeMethodAccessorImpl.invoke[NativeMethodAccessorImpl.java:62]&#13;&#10;&#9;at sun.reflect.DelegatingMethodAccessorImpl.invoke[DelegatingMethodAccessorImpl.java:43]&#13;&#10;&#9;at java.lang.reflect.Method.invoke[Method.java:498]&#13;&#10;&#9;at org.apache.tools.ant.dispatch.DispatchUtils.execute[DispatchUtils.java:106]&#13;&#10;&#9;at org.apache.tools.ant.Task.perform[Task.java:348]&#13;&#10;&#9;at org.apache.tools.ant.Target.execute[Target.java:435]&#13;&#10;&#9;at org.apache.tools.ant.Target.performTasks[Target.java:456]&#13;&#10;&#9;at org.apache.tools.ant.Project.executeSortedTargets[Project.java:1405]&#13;&#10;&#9;at org.apache.tools.ant.Project.executeTarget[Project.java:1376]&#13;&#10;&#9;at org.apache.tools.ant.helper.DefaultExecutor.executeTargets[DefaultExecutor.java:41]&#13;&#10;&#9;at org.eclipse.ant.internal.core.ant.EclipseDefaultExecutor.executeTargets[EclipseDefaultExecutor.java:36]&#13;&#10;&#9;at org.apache.tools.ant.Project.executeTargets[Project.java:1260]&#13;&#10;&#9;at org.eclipse.ant.internal.core.ant.InternalAntRunner.run[InternalAntRunner.java:712]&#13;&#10;&#9;at org.eclipse.ant.internal.core.ant.InternalAntRunner.run[InternalAntRunner.java:532]&#13;&#10;&#9;at sun.reflect.NativeMethodAccessorImpl.invoke0[Native Method]&#13;&#10;&#9;at sun.reflect.NativeMethodAccessorImpl.invoke[NativeMethodAccessorImpl.java:62]&#13;&#10;&#9;at sun.reflect.DelegatingMethodAccessorImpl.invoke[DelegatingMethodAccessorImpl.java:43]&#13;&#10;&#9;at java.lang.reflect.Method.invoke[Method.java:498]&#13;&#10;&#9;at org.eclipse.ant.core.AntRunner.run[AntRunner.java:371]&#13;&#10;&#9;at org.eclipse.ant.internal.launching.launchConfigurations.AntLaunchDelegate$1.run[AntLaunchDelegate.java:270]&#13;&#10;&#9;at java.lang.Thread.run[Thread.java:745]&#13;&#10;Caused by: Model 'Sql' not found&#13;&#10;&#9;at org.eclipse.epsilon.eol.models.ModelGroup.&lt;init&gt;[ModelGroup.java:41]&#13;&#10;&#9;at org.eclipse.epsilon.eol.models.ModelRepository.getModelByName[ModelRepository.java:76]&#13;&#10;&#9;at org.eclipse.epsilon.workflow.tasks.ExecutableModuleTask.populateModelRepository[ExecutableModuleTask.java:137]&#13;&#10;&#9;at org.eclipse.epsilon.workflow.tasks.ExecutableModuleTask.configureModule[ExecutableModuleTask.java:112]&#13;&#10;&#9;at org.eclipse.epsilon.workflow.tasks.ExecutableModuleTask.executeImpl[ExecutableModuleTask.java:208]&#13;&#10;&#9;... 61 more&#13;&#10;&#13;&#10;&#9;at (D:\git\201910-proyecto-grupo1\gramatica\instacia\CadenaArquitectura\tests\arquitectura-dian-testing.eunit@40:2-40:30)&#13;&#10;&#9;at (D:\git\201910-proyecto-grupo1\gramatica\instacia\CadenaArquitectura\tests\arquitectura-dian-testing.eunit@40:2-40:30)&#13;&#10;&#9;at (D:\git\201910-proyecto-grupo1\gramatica\instacia\CadenaArquitectura\tests\arquitectura-dian-testing.eunit@39:34-45:2)&#13;&#10;&#9;at (D:\git\201910-proyecto-grupo1\gramatica\instacia\CadenaArquitectura\tests\arquitectura-dian-testing.eunit@31:2-31:30)&#13;&#10;&#9;at (D:\git\201910-proyecto-grupo1\gramatica\instacia\CadenaArquitectura\tests\arquitectura-dian-testing.eunit@31:2-31:30)&#13;&#10;&#9;at (D:\git\201910-proyecto-grupo1\gramatica\instacia\CadenaArquitectura\tests\arquitectura-dian-testing.eunit@30:37-35:2)&#13;&#10;&#9;at (D:\git\201910-proyecto-grupo1\gramatica\instacia\CadenaArquitectura\tests\arquitectura-dian-testing.eunit@24:2-24:30)&#13;&#10;&#9;at (D:\git\201910-proyecto-grupo1\gramatica\instacia\CadenaArquitectura\tests\arquitectura-dian-testing.eunit@24:2-24:30)&#13;&#10;&#9;at (D:\git\201910-proyecto-grupo1\gramatica\instacia\CadenaArquitectura\tests\arquitectura-dian-testing.eunit@23:38-28:2)&#13;&#10;&#9;at (D:\git\201910-proyecto-grupo1\gramatica\instacia\CadenaArquitectura\tests\arquitectura-dian-testing.eunit@15:2-15:30)&#13;&#10;&#9;at (D:\git\201910-proyecto-grupo1\gramatica\instacia\CadenaArquitectura\tests\arquitectura-dian-testing.eunit@15:2-15:30)&#13;&#10;&#9;at (D:\git\201910-proyecto-grupo1\gramatica\instacia\CadenaArquitectura\tests\arquitectura-dian-testing.eunit@14:35-20:2)&#13;&#10;&#9;at (D:\git\201910-proyecto-grupo1\gramatica\instacia\CadenaArquitectura\tests\arquitectura-dian-testing.eunit@9:2-9:30)&#13;&#10;&#9;at (D:\git\201910-proyecto-grupo1\gramatica\instacia\CadenaArquitectura\tests\arquitectura-dian-testing.eunit@9:2-9:30)&#13;&#10;&#9;at (D:\git\201910-proyecto-grupo1\gramatica\instacia\CadenaArquitectura\tests\arquitectura-dian-testing.eunit@8:42-11:1)&#13;&#10;&#9;at (D:\git\201910-proyecto-grupo1\gramatica\instacia\CadenaArquitectura\tests\arquitectura-dian-testing.eunit@0:0-45:2)&#13;&#10;" type="org.eclipse.epsilon.eol.exceptions.EolInternalException">Internal error: D:\git\201910-proyecto-grupo1\gramatica\instacia\CadenaArquitectura\eunit.xml:46: Model 'Sql' not found&#13;
	at org.eclipse.epsilon.workflow.tasks.ExecutableModuleTask.executeImpl[ExecutableModuleTask.java:233]&#13;
	at org.eclipse.epsilon.workflow.tasks.EpsilonTask.execute[EpsilonTask.java:39]&#13;
	at org.apache.tools.ant.UnknownElement.execute[UnknownElement.java:293]&#13;
	at sun.reflect.GeneratedMethodAccessor121.invoke[Unknown Source]&#13;
	at sun.reflect.DelegatingMethodAccessorImpl.invoke[DelegatingMethodAccessorImpl.java:43]&#13;
	at java.lang.reflect.Method.invoke[Method.java:498]&#13;
	at org.apache.tools.ant.dispatch.DispatchUtils.execute[DispatchUtils.java:106]&#13;
	at org.apache.tools.ant.Task.perform[Task.java:348]&#13;
	at org.apache.tools.ant.Target.execute[Target.java:435]&#13;
	at org.apache.tools.ant.Target.performTasks[Target.java:456]&#13;
	at org.apache.tools.ant.Project.executeSortedTargets[Project.java:1405]&#13;
	at org.apache.tools.ant.Project.executeTarget[Project.java:1376]&#13;
	at org.eclipse.epsilon.workflow.tasks.EUnitTask$RunTargetOperationContributor.runTarget[EUnitTask.java:87]&#13;
	at sun.reflect.NativeMethodAccessorImpl.invoke0[Native Method]&#13;
	at sun.reflect.NativeMethodAccessorImpl.invoke[NativeMethodAccessorImpl.java:62]&#13;
	at sun.reflect.DelegatingMethodAccessorImpl.invoke[DelegatingMethodAccessorImpl.java:43]&#13;
	at java.lang.reflect.Method.invoke[Method.java:498]&#13;
	at org.eclipse.epsilon.eol.util.ReflectionUtil.executeMethod[ReflectionUtil.java:186]&#13;
	at org.eclipse.epsilon.eol.util.ReflectionUtil.executeMethod[ReflectionUtil.java:162]&#13;
	at org.eclipse.epsilon.eol.execute.introspection.java.ObjectMethod.execute[ObjectMethod.java:48]&#13;
	at org.eclipse.epsilon.eol.dom.OperationCallExpression.execute[OperationCallExpression.java:145]&#13;
	at org.eclipse.epsilon.eol.execute.ExecutorFactory.execute[ExecutorFactory.java:99]&#13;
	at org.eclipse.epsilon.eol.dom.ExpressionStatement.execute[ExpressionStatement.java:33]&#13;
	at org.eclipse.epsilon.eol.execute.ExecutorFactory.execute[ExecutorFactory.java:99]&#13;
	at org.eclipse.epsilon.eol.dom.StatementBlock.execute[StatementBlock.java:58]&#13;
	at org.eclipse.epsilon.eol.execute.ExecutorFactory.execute[ExecutorFactory.java:99]&#13;
	at org.eclipse.epsilon.eol.dom.Operation.executeBody[Operation.java:200]&#13;
	at org.eclipse.epsilon.eol.dom.Operation.execute[Operation.java:183]&#13;
	at org.eclipse.epsilon.eunit.EUnitModule.runLeafTestCase[EUnitModule.java:415]&#13;
	at org.eclipse.epsilon.eunit.EUnitModule.runSuiteInternal[EUnitModule.java:343]&#13;
	at org.eclipse.epsilon.eunit.EUnitModule.runSuite[EUnitModule.java:167]&#13;
	at org.eclipse.epsilon.eunit.EUnitModule.runInnerTestCase[EUnitModule.java:370]&#13;
	at org.eclipse.epsilon.eunit.EUnitModule.runSuiteInternal[EUnitModule.java:345]&#13;
	at org.eclipse.epsilon.eunit.EUnitModule.runSuite[EUnitModule.java:167]&#13;
	at org.eclipse.epsilon.eunit.EUnitModule.executeImpl[EUnitModule.java:128]&#13;
	at org.eclipse.epsilon.eol.execute.ExecutorFactory.execute[ExecutorFactory.java:102]&#13;
	at org.eclipse.epsilon.eol.EolModule.execute[EolModule.java:413]&#13;
	at org.eclipse.epsilon.workflow.tasks.ExecutableModuleTask.executeImpl[ExecutableModuleTask.java:216]&#13;
	at org.eclipse.epsilon.workflow.tasks.EpsilonTask.execute[EpsilonTask.java:39]&#13;
	at org.apache.tools.ant.UnknownElement.execute[UnknownElement.java:293]&#13;
	at sun.reflect.NativeMethodAccessorImpl.invoke0[Native Method]&#13;
	at sun.reflect.NativeMethodAccessorImpl.invoke[NativeMethodAccessorImpl.java:62]&#13;
	at sun.reflect.DelegatingMethodAccessorImpl.invoke[DelegatingMethodAccessorImpl.java:43]&#13;
	at java.lang.reflect.Method.invoke[Method.java:498]&#13;
	at org.apache.tools.ant.dispatch.DispatchUtils.execute[DispatchUtils.java:106]&#13;
	at org.apache.tools.ant.Task.perform[Task.java:348]&#13;
	at org.apache.tools.ant.Target.execute[Target.java:435]&#13;
	at org.apache.tools.ant.Target.performTasks[Target.java:456]&#13;
	at org.apache.tools.ant.Project.executeSortedTargets[Project.java:1405]&#13;
	at org.apache.tools.ant.Project.executeTarget[Project.java:1376]&#13;
	at org.apache.tools.ant.helper.DefaultExecutor.executeTargets[DefaultExecutor.java:41]&#13;
	at org.eclipse.ant.internal.core.ant.EclipseDefaultExecutor.executeTargets[EclipseDefaultExecutor.java:36]&#13;
[...]
	at org.eclipse.epsilon.workflow.tasks.EpsilonTask.execute[EpsilonTask.java:39]&#13;
	at org.apache.tools.ant.UnknownElement.execute[UnknownElement.java:293]&#13;
	at sun.reflect.NativeMethodAccessorImpl.invoke0[Native Method]&#13;
	at sun.reflect.NativeMethodAccessorImpl.invoke[NativeMethodAccessorImpl.java:62]&#13;
	at sun.reflect.DelegatingMethodAccessorImpl.invoke[DelegatingMethodAccessorImpl.java:43]&#13;
	at java.lang.reflect.Method.invoke[Method.java:498]&#13;
	at org.apache.tools.ant.dispatch.DispatchUtils.execute[DispatchUtils.java:106]&#13;
	at org.apache.tools.ant.Task.perform[Task.java:348]&#13;
	at org.apache.tools.ant.Target.execute[Target.java:435]&#13;
	at org.apache.tools.ant.Target.performTasks[Target.java:456]&#13;
	at org.apache.tools.ant.Project.executeSortedTargets[Project.java:1405]&#13;
	at org.apache.tools.ant.Project.executeTarget[Project.java:1376]&#13;
	at org.apache.tools.ant.helper.DefaultExecutor.executeTargets[DefaultExecutor.java:41]&#13;
	at org.eclipse.ant.internal.core.ant.EclipseDefaultExecutor.executeTargets[EclipseDefaultExecutor.java:36]&#13;
	at org.apache.tools.ant.Project.executeTargets[Project.java:1260]&#13;
	at org.eclipse.ant.internal.core.ant.InternalAntRunner.run[InternalAntRunner.java:712]&#13;
	at org.eclipse.ant.internal.core.ant.InternalAntRunner.run[InternalAntRunner.java:532]&#13;
	at sun.reflect.NativeMethodAccessorImpl.invoke0[Native Method]&#13;
	at sun.reflect.NativeMethodAccessorImpl.invoke[NativeMethodAccessorImpl.java:62]&#13;
	at sun.reflect.DelegatingMethodAccessorImpl.invoke[DelegatingMethodAccessorImpl.java:43]&#13;
	at java.lang.reflect.Method.invoke[Method.java:498]&#13;
	at org.eclipse.ant.core.AntRunner.run[AntRunner.java:371]&#13;
	at org.eclipse.ant.internal.launching.launchConfigurations.AntLaunchDelegate$1.run[AntLaunchDelegate.java:270]&#13;
	at java.lang.Thread.run[Thread.java:745]&#13;
Caused by: Model 'Sql' not found&#13;
	at org.eclipse.epsilon.eol.models.ModelGroup.&lt;init&gt;[ModelGroup.java:41]&#13;
	at org.eclipse.epsilon.eol.models.ModelRepository.getModelByName[ModelRepository.java:76]&#13;
	at org.eclipse.epsilon.workflow.tasks.ExecutableModuleTask.populateModelRepository[ExecutableModuleTask.java:137]&#13;
	at org.eclipse.epsilon.workflow.tasks.ExecutableModuleTask.configureModule[ExecutableModuleTask.java:112]&#13;
	at org.eclipse.epsilon.workflow.tasks.ExecutableModuleTask.executeImpl[ExecutableModuleTask.java:208]&#13;
	... 61 more&#13;
&#13;
	at (D:\git\201910-proyecto-grupo1\gramatica\instacia\CadenaArquitectura\tests\arquitectura-dian-testing.eunit@31:2-31:30)&#13;
	at (D:\git\201910-proyecto-grupo1\gramatica\instacia\CadenaArquitectura\tests\arquitectura-dian-testing.eunit@31:2-31:30)&#13;
	at (D:\git\201910-proyecto-grupo1\gramatica\instacia\CadenaArquitectura\tests\arquitectura-dian-testing.eunit@30:37-35:2)&#13;
	at (D:\git\201910-proyecto-grupo1\gramatica\instacia\CadenaArquitectura\tests\arquitectura-dian-testing.eunit@24:2-24:30)&#13;
	at (D:\git\201910-proyecto-grupo1\gramatica\instacia\CadenaArquitectura\tests\arquitectura-dian-testing.eunit@24:2-24:30)&#13;
	at (D:\git\201910-proyecto-grupo1\gramatica\instacia\CadenaArquitectura\tests\arquitectura-dian-testing.eunit@23:38-28:2)&#13;
	at (D:\git\201910-proyecto-grupo1\gramatica\instacia\CadenaArquitectura\tests\arquitectura-dian-testing.eunit@15:2-15:30)&#13;
	at (D:\git\201910-proyecto-grupo1\gramatica\instacia\CadenaArquitectura\tests\arquitectura-dian-testing.eunit@15:2-15:30)&#13;
	at (D:\git\201910-proyecto-grupo1\gramatica\instacia\CadenaArquitectura\tests\arquitectura-dian-testing.eunit@14:35-20:2)&#13;
	at (D:\git\201910-proyecto-grupo1\gramatica\instacia\CadenaArquitectura\tests\arquitectura-dian-testing.eunit@9:2-9:30)&#13;
	at (D:\git\201910-proyecto-grupo1\gramatica\instacia\CadenaArquitectura\tests\arquitectura-dian-testing.eunit@9:2-9:30)&#13;
	at (D:\git\201910-proyecto-grupo1\gramatica\instacia\CadenaArquitectura\tests\arquitectura-dian-testing.eunit@8:42-11:1)&#13;
	at (D:\git\201910-proyecto-grupo1\gramatica\instacia\CadenaArquitectura\tests\arquitectura-dian-testing.eunit@0:0-45:2)&#13;
&#13;
Test transformationUnXhtml {} failed with status ERROR: Internal error: D:\git\201910-proyecto-grupo1\gramatica\instacia\CadenaArquitectura\eunit.xml:46: Model 'Sql' not found&#13;
	at org.eclipse.epsilon.workflow.tasks.ExecutableModuleTask.executeImpl[ExecutableModuleTask.java:233]&#13;
	at org.eclipse.epsilon.workflow.tasks.EpsilonTask.execute[EpsilonTask.java:39]&#13;
	at org.apache.tools.ant.UnknownElement.execute[UnknownElement.java:293]&#13;
	at sun.reflect.GeneratedMethodAccessor121.invoke[Unknown Source]&#13;
	at sun.reflect.DelegatingMethodAccessorImpl.invoke[DelegatingMethodAccessorImpl.java:43]&#13;
	at java.lang.reflect.Method.invoke[Method.java:498]&#13;
	at org.apache.tools.ant.dispatch.DispatchUtils.execute[DispatchUtils.java:106]&#13;
	at org.apache.tools.ant.Task.perform[Task.java:348]&#13;
	at org.apache.tools.ant.Target.execute[Target.java:435]&#13;
	at org.apache.tools.ant.Target.performTasks[Target.java:456]&#13;
	at org.apache.tools.ant.Project.executeSortedTargets[Project.java:1405]&#13;
	at org.apache.tools.ant.Project.executeTarget[Project.java:1376]&#13;
	at org.eclipse.epsilon.workflow.tasks.EUnitTask$RunTargetOperationContributor.runTarget[EUnitTask.java:87]&#13;
	at sun.reflect.NativeMethodAccessorImpl.invoke0[Native Method]&#13;
	at sun.reflect.NativeMethodAccessorImpl.invoke[NativeMethodAccessorImpl.java:62]&#13;
	at sun.reflect.DelegatingMethodAccessorImpl.invoke[DelegatingMethodAccessorImpl.java:43]&#13;
	at java.lang.reflect.Method.invoke[Method.java:498]&#13;
	at org.eclipse.epsilon.eol.util.ReflectionUtil.executeMethod[ReflectionUtil.java:186]&#13;
	at org.eclipse.epsilon.eol.util.ReflectionUtil.executeMethod[ReflectionUtil.java:162]&#13;
	at org.eclipse.epsilon.eol.execute.introspection.java.ObjectMethod.execute[ObjectMethod.java:48]&#13;
	at org.eclipse.epsilon.eol.dom.OperationCallExpression.execute[OperationCallExpression.java:145]&#13;
	at org.eclipse.epsilon.eol.execute.ExecutorFactory.execute[ExecutorFactory.java:99]&#13;
	at org.eclipse.epsilon.eol.dom.ExpressionStatement.execute[ExpressionStatement.java:33]&#13;
	at org.eclipse.epsilon.eol.execute.ExecutorFactory.execute[ExecutorFactory.java:99]&#13;
	at org.eclipse.epsilon.eol.dom.StatementBlock.execute[StatementBlock.java:58]&#13;
	at org.eclipse.epsilon.eol.execute.ExecutorFactory.execute[ExecutorFactory.java:99]&#13;
	at org.eclipse.epsilon.eol.dom.Operation.executeBody[Operation.java:200]&#13;
	at org.eclipse.epsilon.eol.dom.Operation.execute[Operation.java:183]&#13;
	at org.eclipse.epsilon.eunit.EUnitModule.runLeafTestCase[EUnitModule.java:415]&#13;
	at org.eclipse.epsilon.eunit.EUnitModule.runSuiteInternal[EUnitModule.java:343]&#13;
	at org.eclipse.epsilon.eunit.EUnitModule.runSuite[EUnitModule.java:167]&#13;
	at org.eclipse.epsilon.eunit.EUnitModule.runInnerTestCase[EUnitModule.java:370]&#13;
	at org.eclipse.epsilon.eunit.EUnitModule.runSuiteInternal[EUnitModule.java:345]&#13;
	at org.eclipse.epsilon.eunit.EUnitModule.runSuite[EUnitModule.java:167]&#13;
	at org.eclipse.epsilon.eunit.EUnitModule.executeImpl[EUnitModule.java:128]&#13;
	at org.eclipse.epsilon.eol.execute.ExecutorFactory.execute[ExecutorFactory.java:102]&#13;
	at org.eclipse.epsilon.eol.EolModule.execute[EolModule.java:413]&#13;
	at org.eclipse.epsilon.workflow.tasks.ExecutableModuleTask.executeImpl[ExecutableModuleTask.java:216]&#13;
	at org.eclipse.epsilon.workflow.tasks.EpsilonTask.execute[EpsilonTask.java:39]&#13;
	at org.apache.tools.ant.UnknownElement.execute[UnknownElement.java:293]&#13;
	at sun.reflect.NativeMethodAccessorImpl.invoke0[Native Method]&#13;
	at sun.reflect.NativeMethodAccessorImpl.invoke[NativeMethodAccessorImpl.java:62]&#13;
	at sun.reflect.DelegatingMethodAccessorImpl.invoke[DelegatingMethodAccessorImpl.java:43]&#13;
	at java.lang.reflect.Method.invoke[Method.java:498]&#13;
	at org.apache.tools.ant.dispatch.DispatchUtils.execute[DispatchUtils.java:106]&#13;
	at org.apache.tools.ant.Task.perform[Task.java:348]&#13;
	at org.apache.tools.ant.Target.execute[Target.java:435]&#13;
	at org.apache.tools.ant.Target.performTasks[Target.java:456]&#13;
	at org.apache.tools.ant.Project.executeSortedTargets[Project.java:1405]&#13;
	at org.apache.tools.ant.Project.executeTarget[Project.java:1376]&#13;
	at org.apache.tools.ant.helper.DefaultExecutor.executeTargets[DefaultExecutor.java:41]&#13;
	at org.eclipse.ant.internal.core.ant.EclipseDefaultExecutor.executeTargets[EclipseDefaultExecutor.java:36]&#13;
	at org.apache.tools.ant.Project.executeTargets[Project.java:1260]&#13;
	at org.eclipse.ant.internal.core.ant.InternalAntRunner.run[InternalAntRunner.java:712]&#13;
	at org.eclipse.ant.internal.core.ant.InternalAntRunner.run[InternalAntRunner.java:532]&#13;
	at sun.reflect.NativeMethodAccessorImpl.invoke0[Native Method]&#13;
	at sun.reflect.NativeMethodAccessorImpl.invoke[NativeMethodAccessorImpl.java:62]&#13;
	at sun.reflect.DelegatingMethodAccessorImpl.invoke[DelegatingMethodAccessorImpl.java:43]&#13;
	at java.lang.reflect.Method.invoke[Method.java:498]&#13;
	at org.eclipse.ant.core.AntRunner.run[AntRunner.java:371]&#13;
	at org.eclipse.ant.internal.launching.launchConfigurations.AntLaunchDelegate$1.run[AntLaunchDelegate.java:270]&#13;
	at java.lang.Thread.run[Thread.java:745]&#13;
Caused by: Model 'Sql' not found&#13;
	at org.eclipse.epsilon.eol.models.ModelGroup.&lt;init&gt;[ModelGroup.java:41]&#13;
	at org.eclipse.epsilon.eol.models.ModelRepository.getModelByName[ModelRepository.java:76]&#13;
	at org.eclipse.epsilon.workflow.tasks.ExecutableModuleTask.populateModelRepository[ExecutableModuleTask.java:137]&#13;
	at org.eclipse.epsilon.workflow.tasks.ExecutableModuleTask.configureModule[ExecutableModuleTask.java:112]&#13;
	at org.eclipse.epsilon.workflow.tasks.ExecutableModuleTask.executeImpl[ExecutableModuleTask.java:208]&#13;
	... 61 more&#13;
&#13;
	at (D:\git\201910-proyecto-grupo1\gramatica\instacia\CadenaArquitectura\tests\arquitectura-dian-testing.eunit@40:2-40:30)&#13;
	at (D:\git\201910-proyecto-grupo1\gramatica\instacia\CadenaArquitectura\tests\arquitectura-dian-testing.eunit@40:2-40:30)&#13;
	at (D:\git\201910-proyecto-grupo1\gramatica\instacia\CadenaArquitectura\tests\arquitectura-dian-testing.eunit@39:34-45:2)&#13;
	at (D:\git\201910-proyecto-grupo1\gramatica\instacia\CadenaArquitectura\tests\arquitectura-dian-testing.eunit@31:2-31:30)&#13;
	at (D:\git\201910-proyecto-grupo1\gramatica\instacia\CadenaArquitectura\tests\arquitectura-dian-testing.eunit@31:2-31:30)&#13;
	at (D:\git\201910-proyecto-grupo1\gramatica\instacia\CadenaArquitectura\tests\arquitectura-dian-testing.eunit@30:37-35:2)&#13;
	at (D:\git\201910-proyecto-grupo1\gramatica\instacia\CadenaArquitectura\tests\arquitectura-dian-testing.eunit@24:2-24:30)&#13;
	at (D:\git\201910-proyecto-grupo1\gramatica\instacia\CadenaArquitectura\tests\arquitectura-dian-testing.eunit@24:2-24:30)&#13;
	at (D:\git\201910-proyecto-grupo1\gramatica\instacia\CadenaArquitectura\tests\arquitectura-dian-testing.eunit@23:38-28:2)&#13;
	at (D:\git\201910-proyecto-grupo1\gramatica\instacia\CadenaArquitectura\tests\arquitectura-dian-testing.eunit@15:2-15:30)&#13;
	at (D:\git\201910-proyecto-grupo1\gramatica\instacia\CadenaArquitectura\tests\arquitectura-dian-testing.eunit@15:2-15:30)&#13;
	at (D:\git\201910-proyecto-grupo1\gramatica\instacia\CadenaArquitectura\tests\arquitectura-dian-testing.eunit@14:35-20:2)&#13;
	at (D:\git\201910-proyecto-grupo1\gramatica\instacia\CadenaArquitectura\tests\arquitectura-dian-testing.eunit@9:2-9:30)&#13;
	at (D:\git\201910-proyecto-grupo1\gramatica\instacia\CadenaArquitectura\tests\arquitectura-dian-testing.eunit@9:2-9:30)&#13;
	at (D:\git\201910-proyecto-grupo1\gramatica\instacia\CadenaArquitectura\tests\arquitectura-dian-testing.eunit@8:42-11:1)&#13;
	at (D:\git\201910-proyecto-grupo1\gramatica\instacia\CadenaArquitectura\tests\arquitectura-dian-testing.eunit@0:0-45:2)&#13;
&#13;
Test root {} failed with status ERROR: Internal error: D:\git\201910-proyecto-grupo1\gramatica\instacia\CadenaArquitectura\eunit.xml:46: Model 'Sql' not found&#13;
	at org.eclipse.epsilon.workflow.tasks.ExecutableModuleTask.executeImpl[ExecutableModuleTask.java:233]&#13;
	at org.eclipse.epsilon.workflow.tasks.EpsilonTask.execute[EpsilonTask.java:39]&#13;
	at org.apache.tools.ant.UnknownElement.execute[UnknownElement.java:293]&#13;
	at sun.reflect.GeneratedMethodAccessor121.invoke[Unknown Source]&#13;
	at sun.reflect.DelegatingMethodAccessorImpl.invoke[DelegatingMethodAccessorImpl.java:43]&#13;
	at java.lang.reflect.Method.invoke[Method.java:498]&#13;
	at org.apache.tools.ant.dispatch.DispatchUtils.execute[DispatchUtils.java:106]&#13;
	at org.apache.tools.ant.Task.perform[Task.java:348]&#13;
	at org.apache.tools.ant.Target.execute[Target.java:435]&#13;
	at org.apache.tools.ant.Target.performTasks[Target.java:456]&#13;
	at org.apache.tools.ant.Project.executeSortedTargets[Project.java:1405]&#13;
	at org.apache.tools.ant.Project.executeTarget[Project.java:1376]&#13;
	at org.eclipse.epsilon.workflow.tasks.EUnitTask$RunTargetOperationContributor.runTarget[EUnitTask.java:87]&#13;
	at sun.reflect.NativeMethodAccessorImpl.invoke0[Native Method]&#13;
	at sun.reflect.NativeMethodAccessorImpl.invoke[NativeMethodAccessorImpl.java:62]&#13;
	at sun.reflect.DelegatingMethodAccessorImpl.invoke[DelegatingMethodAccessorImpl.java:43]&#13;
	at java.lang.reflect.Method.invoke[Method.java:498]&#13;
	at org.eclipse.epsilon.eol.util.ReflectionUtil.executeMethod[ReflectionUtil.java:186]&#13;
	at org.eclipse.epsilon.eol.util.ReflectionUtil.executeMethod[ReflectionUtil.java:162]&#13;
	at org.eclipse.epsilon.eol.execute.introspection.java.ObjectMethod.execute[ObjectMethod.java:48]&#13;
	at org.eclipse.epsilon.eol.dom.OperationCallExpression.execute[OperationCallExpression.java:145]&#13;
	at org.eclipse.epsilon.eol.execute.ExecutorFactory.execute[ExecutorFactory.java:99]&#13;
	at org.eclipse.epsilon.eol.dom.ExpressionStatement.execute[ExpressionStatement.java:33]&#13;
	at org.eclipse.epsilon.eol.execute.ExecutorFactory.execute[ExecutorFactory.java:99]&#13;
	at org.eclipse.epsilon.eol.dom.StatementBlock.execute[StatementBlock.java:58]&#13;
	at org.eclipse.epsilon.eol.execute.ExecutorFactory.execute[ExecutorFactory.java:99]&#13;
	at org.eclipse.epsilon.eol.dom.Operation.executeBody[Operation.java:200]&#13;
	at org.eclipse.epsilon.eol.dom.Operation.execute[Operation.java:183]&#13;
	at org.eclipse.epsilon.eunit.EUnitModule.runLeafTestCase[EUnitModule.java:415]&#13;
	at org.eclipse.epsilon.eunit.EUnitModule.runSuiteInternal[EUnitModule.java:343]&#13;
	at org.eclipse.epsilon.eunit.EUnitModule.runSuite[EUnitModule.java:167]&#13;
	at org.eclipse.epsilon.eunit.EUnitModule.runInnerTestCase[EUnitModule.java:370]&#13;
	at org.eclipse.epsilon.eunit.EUnitModule.runSuiteInternal[EUnitModule.java:345]&#13;
	at org.eclipse.epsilon.eunit.EUnitModule.runSuite[EUnitModule.java:167]&#13;
	at org.eclipse.epsilon.eunit.EUnitModule.executeImpl[EUnitModule.java:128]&#13;
	at org.eclipse.epsilon.eol.execute.ExecutorFactory.execute[ExecutorFactory.java:102]&#13;
	at org.eclipse.epsilon.eol.EolModule.execute[EolModule.java:413]&#13;
	at org.eclipse.epsilon.workflow.tasks.ExecutableModuleTask.executeImpl[ExecutableModuleTask.java:216]&#13;
	at org.eclipse.epsilon.workflow.tasks.EpsilonTask.execute[EpsilonTask.java:39]&#13;
	at org.apache.tools.ant.UnknownElement.execute[UnknownElement.java:293]&#13;
	at sun.reflect.NativeMethodAccessorImpl.invoke0[Native Method]&#13;
	at sun.reflect.NativeMethodAccessorImpl.invoke[NativeMethodAccessorImpl.java:62]&#13;
	at sun.reflect.DelegatingMethodAccessorImpl.invoke[DelegatingMethodAccessorImpl.java:43]&#13;
	at java.lang.reflect.Method.invoke[Method.java:498]&#13;
	at org.apache.tools.ant.dispatch.DispatchUtils.execute[DispatchUtils.java:106]&#13;
	at org.apache.tools.ant.Task.perform[Task.java:348]&#13;
	at org.apache.tools.ant.Target.execute[Target.java:435]&#13;
	at org.apache.tools.ant.Target.performTasks[Target.java:456]&#13;
	at org.apache.tools.ant.Project.executeSortedTargets[Project.java:1405]&#13;
	at org.apache.tools.ant.Project.executeTarget[Project.java:1376]&#13;
	at org.apache.tools.ant.helper.DefaultExecutor.executeTargets[DefaultExecutor.java:41]&#13;
	at org.eclipse.ant.internal.core.ant.EclipseDefaultExecutor.executeTargets[EclipseDefaultExecutor.java:36]&#13;
	at org.apache.tools.ant.Project.executeTargets[Project.java:1260]&#13;
	at org.eclipse.ant.internal.core.ant.InternalAntRunner.run[InternalAntRunner.java:712]&#13;
	at org.eclipse.ant.internal.core.ant.InternalAntRunner.run[InternalAntRunner.java:532]&#13;
	at sun.reflect.NativeMethodAccessorImpl.invoke0[Native Method]&#13;
	at sun.reflect.NativeMethodAccessorImpl.invoke[NativeMethodAccessorImpl.java:62]&#13;
	at sun.reflect.DelegatingMethodAccessorImpl.invoke[DelegatingMethodAccessorImpl.java:43]&#13;
	at java.lang.reflect.Method.invoke[Method.java:498]&#13;
	at org.eclipse.ant.core.AntRunner.run[AntRunner.java:371]&#13;
	at org.eclipse.ant.internal.launching.launchConfigurations.AntLaunchDelegate$1.run[AntLaunchDelegate.java:270]&#13;
	at java.lang.Thread.run[Thread.java:745]&#13;
Caused by: Model 'Sql' not found&#13;
	at org.eclipse.epsilon.eol.models.ModelGroup.&lt;init&gt;[ModelGroup.java:41]&#13;
	at org.eclipse.epsilon.eol.models.ModelRepository.getModelByName[ModelRepository.java:76]&#13;
	at org.eclipse.epsilon.workflow.tasks.ExecutableModuleTask.populateModelRepository[ExecutableModuleTask.java:137]&#13;
	at org.eclipse.epsilon.workflow.tasks.ExecutableModuleTask.configureModule[ExecutableModuleTask.java:112]&#13;
	at org.eclipse.epsilon.workflow.tasks.ExecutableModuleTask.executeImpl[ExecutableModuleTask.java:208]&#13;
	... 61 more&#13;
&#13;
	at (D:\git\201910-proyecto-grupo1\gramatica\instacia\CadenaArquitectura\tests\arquitectura-dian-testing.eunit@40:2-40:30)&#13;
	at (D:\git\201910-proyecto-grupo1\gramatica\instacia\CadenaArquitectura\tests\arquitectura-dian-testing.eunit@40:2-40:30)&#13;
	at (D:\git\201910-proyecto-grupo1\gramatica\instacia\CadenaArquitectura\tests\arquitectura-dian-testing.eunit@39:34-45:2)&#13;
	at (D:\git\201910-proyecto-grupo1\gramatica\instacia\CadenaArquitectura\tests\arquitectura-dian-testing.eunit@31:2-31:30)&#13;
	at (D:\git\201910-proyecto-grupo1\gramatica\instacia\CadenaArquitectura\tests\arquitectura-dian-testing.eunit@31:2-31:30)&#13;
	at (D:\git\201910-proyecto-grupo1\gramatica\instacia\CadenaArquitectura\tests\arquitectura-dian-testing.eunit@30:37-35:2)&#13;
	at (D:\git\201910-proyecto-grupo1\gramatica\instacia\CadenaArquitectura\tests\arquitectura-dian-testing.eunit@24:2-24:30)&#13;
	at (D:\git\201910-proyecto-grupo1\gramatica\instacia\CadenaArquitectura\tests\arquitectura-dian-testing.eunit@24:2-24:30)&#13;
	at (D:\git\201910-proyecto-grupo1\gramatica\instacia\CadenaArquitectura\tests\arquitectura-dian-testing.eunit@23:38-28:2)&#13;
	at (D:\git\201910-proyecto-grupo1\gramatica\instacia\CadenaArquitectura\tests\arquitectura-dian-testing.eunit@15:2-15:30)&#13;
	at (D:\git\201910-proyecto-grupo1\gramatica\instacia\CadenaArquitectura\tests\arquitectura-dian-testing.eunit@15:2-15:30)&#13;
	at (D:\git\201910-proyecto-grupo1\gramatica\instacia\CadenaArquitectura\tests\arquitectura-dian-testing.eunit@14:35-20:2)&#13;
	at (D:\git\201910-proyecto-grupo1\gramatica\instacia\CadenaArquitectura\tests\arquitectura-dian-testing.eunit@9:2-9:30)&#13;
	at (D:\git\201910-proyecto-grupo1\gramatica\instacia\CadenaArquitectura\tests\arquitectura-dian-testing.eunit@9:2-9:30)&#13;
	at (D:\git\201910-proyecto-grupo1\gramatica\instacia\CadenaArquitectura\tests\arquitectura-dian-testing.eunit@8:42-11:1)&#13;
	at (D:\git\201910-proyecto-grupo1\gramatica\instacia\CadenaArquitectura\tests\arquitectura-dian-testing.eunit@0:0-45:2)&#13;
&#13;
</system-err></testsuite>